=> creating model 'resnet'
DataParallel(
  (module): ResNet(
    (conv1): Conv2d(3, 64, kernel_size=(7, 7), stride=(2, 2), padding=(3, 3), bias=False)
    (bn1): BatchNorm2d(64, eps=1e-05, momentum=0.1, affine=True, track_running_stats=True)
    (relu): ReLU(inplace=True)
    (maxpool): MaxPool2d(kernel_size=3, stride=2, padding=1, dilation=1, ceil_mode=False)
    (layer1): Sequential(
      (0): Bottleneck(
        (conv1): Conv2d(64, 64, kernel_size=(1, 1), stride=(1, 1), bias=False)
        (bn1): BatchNorm2d(64, eps=1e-05, momentum=0.1, affine=True, track_running_stats=True)
        (conv2): Conv2d(64, 64, kernel_size=(3, 3), stride=(1, 1), padding=(1, 1), bias=False)
        (bn2): BatchNorm2d(64, eps=1e-05, momentum=0.1, affine=True, track_running_stats=True)
        (conv3): Conv2d(64, 256, kernel_size=(1, 1), stride=(1, 1), bias=False)
        (bn3): BatchNorm2d(256, eps=1e-05, momentum=0.1, affine=True, track_running_stats=True)
        (relu): ReLU(inplace=True)
        (downsample): Sequential(
          (0): Conv2d(64, 256, kernel_size=(1, 1), stride=(1, 1), bias=False)
          (1): BatchNorm2d(256, eps=1e-05, momentum=0.1, affine=True, track_running_stats=True)
        )
      )
      (1): Bottleneck(
        (conv1): Conv2d(256, 64, kernel_size=(1, 1), stride=(1, 1), bias=False)
        (bn1): BatchNorm2d(64, eps=1e-05, momentum=0.1, affine=True, track_running_stats=True)
        (conv2): Conv2d(64, 64, kernel_size=(3, 3), stride=(1, 1), padding=(1, 1), bias=False)
        (bn2): BatchNorm2d(64, eps=1e-05, momentum=0.1, affine=True, track_running_stats=True)
        (conv3): Conv2d(64, 256, kernel_size=(1, 1), stride=(1, 1), bias=False)
        (bn3): BatchNorm2d(256, eps=1e-05, momentum=0.1, affine=True, track_running_stats=True)
        (relu): ReLU(inplace=True)
      )
      (2): Bottleneck(
        (conv1): Conv2d(256, 64, kernel_size=(1, 1), stride=(1, 1), bias=False)
        (bn1): BatchNorm2d(64, eps=1e-05, momentum=0.1, affine=True, track_running_stats=True)
        (conv2): Conv2d(64, 64, kernel_size=(3, 3), stride=(1, 1), padding=(1, 1), bias=False)
        (bn2): BatchNorm2d(64, eps=1e-05, momentum=0.1, affine=True, track_running_stats=True)
        (conv3): Conv2d(64, 256, kernel_size=(1, 1), stride=(1, 1), bias=False)
        (bn3): BatchNorm2d(256, eps=1e-05, momentum=0.1, affine=True, track_running_stats=True)
        (relu): ReLU(inplace=True)
      )
    )
    (layer2): Sequential(
      (0): Bottleneck(
        (conv1): Conv2d(256, 128, kernel_size=(1, 1), stride=(1, 1), bias=False)
        (bn1): BatchNorm2d(128, eps=1e-05, momentum=0.1, affine=True, track_running_stats=True)
        (conv2): Conv2d(128, 128, kernel_size=(3, 3), stride=(2, 2), padding=(1, 1), bias=False)
        (bn2): BatchNorm2d(128, eps=1e-05, momentum=0.1, affine=True, track_running_stats=True)
        (conv3): Conv2d(128, 512, kernel_size=(1, 1), stride=(1, 1), bias=False)
        (bn3): BatchNorm2d(512, eps=1e-05, momentum=0.1, affine=True, track_running_stats=True)
        (relu): ReLU(inplace=True)
        (downsample): Sequential(
          (0): Conv2d(256, 512, kernel_size=(1, 1), stride=(2, 2), bias=False)
          (1): BatchNorm2d(512, eps=1e-05, momentum=0.1, affine=True, track_running_stats=True)
        )
      )
      (1): Bottleneck(
        (conv1): Conv2d(512, 128, kernel_size=(1, 1), stride=(1, 1), bias=False)
        (bn1): BatchNorm2d(128, eps=1e-05, momentum=0.1, affine=True, track_running_stats=True)
        (conv2): Conv2d(128, 128, kernel_size=(3, 3), stride=(1, 1), padding=(1, 1), bias=False)
        (bn2): BatchNorm2d(128, eps=1e-05, momentum=0.1, affine=True, track_running_stats=True)
        (conv3): Conv2d(128, 512, kernel_size=(1, 1), stride=(1, 1), bias=False)
        (bn3): BatchNorm2d(512, eps=1e-05, momentum=0.1, affine=True, track_running_stats=True)
        (relu): ReLU(inplace=True)
      )
      (2): Bottleneck(
        (conv1): Conv2d(512, 128, kernel_size=(1, 1), stride=(1, 1), bias=False)
        (bn1): BatchNorm2d(128, eps=1e-05, momentum=0.1, affine=True, track_running_stats=True)
        (conv2): Conv2d(128, 128, kernel_size=(3, 3), stride=(1, 1), padding=(1, 1), bias=False)
        (bn2): BatchNorm2d(128, eps=1e-05, momentum=0.1, affine=True, track_running_stats=True)
        (conv3): Conv2d(128, 512, kernel_size=(1, 1), stride=(1, 1), bias=False)
        (bn3): BatchNorm2d(512, eps=1e-05, momentum=0.1, affine=True, track_running_stats=True)
        (relu): ReLU(inplace=True)
      )
      (3): Bottleneck(
        (conv1): Conv2d(512, 128, kernel_size=(1, 1), stride=(1, 1), bias=False)
        (bn1): BatchNorm2d(128, eps=1e-05, momentum=0.1, affine=True, track_running_stats=True)
        (conv2): Conv2d(128, 128, kernel_size=(3, 3), stride=(1, 1), padding=(1, 1), bias=False)
        (bn2): BatchNorm2d(128, eps=1e-05, momentum=0.1, affine=True, track_running_stats=True)
        (conv3): Conv2d(128, 512, kernel_size=(1, 1), stride=(1, 1), bias=False)
        (bn3): BatchNorm2d(512, eps=1e-05, momentum=0.1, affine=True, track_running_stats=True)
        (relu): ReLU(inplace=True)
      )
    )
    (layer3): Sequential(
      (0): Bottleneck(
        (conv1): Conv2d(512, 256, kernel_size=(1, 1), stride=(1, 1), bias=False)
        (bn1): BatchNorm2d(256, eps=1e-05, momentum=0.1, affine=True, track_running_stats=True)
        (conv2): Conv2d(256, 256, kernel_size=(3, 3), stride=(2, 2), padding=(1, 1), bias=False)
        (bn2): BatchNorm2d(256, eps=1e-05, momentum=0.1, affine=True, track_running_stats=True)
        (conv3): Conv2d(256, 1024, kernel_size=(1, 1), stride=(1, 1), bias=False)
        (bn3): BatchNorm2d(1024, eps=1e-05, momentum=0.1, affine=True, track_running_stats=True)
        (relu): ReLU(inplace=True)
        (downsample): Sequential(
          (0): Conv2d(512, 1024, kernel_size=(1, 1), stride=(2, 2), bias=False)
          (1): BatchNorm2d(1024, eps=1e-05, momentum=0.1, affine=True, track_running_stats=True)
        )
      )
      (1): Bottleneck(
        (conv1): Conv2d(1024, 256, kernel_size=(1, 1), stride=(1, 1), bias=False)
        (bn1): BatchNorm2d(256, eps=1e-05, momentum=0.1, affine=True, track_running_stats=True)
        (conv2): Conv2d(256, 256, kernel_size=(3, 3), stride=(1, 1), padding=(1, 1), bias=False)
        (bn2): BatchNorm2d(256, eps=1e-05, momentum=0.1, affine=True, track_running_stats=True)
        (conv3): Conv2d(256, 1024, kernel_size=(1, 1), stride=(1, 1), bias=False)
        (bn3): BatchNorm2d(1024, eps=1e-05, momentum=0.1, affine=True, track_running_stats=True)
        (relu): ReLU(inplace=True)
      )
      (2): Bottleneck(
        (conv1): Conv2d(1024, 256, kernel_size=(1, 1), stride=(1, 1), bias=False)
        (bn1): BatchNorm2d(256, eps=1e-05, momentum=0.1, affine=True, track_running_stats=True)
        (conv2): Conv2d(256, 256, kernel_size=(3, 3), stride=(1, 1), padding=(1, 1), bias=False)
        (bn2): BatchNorm2d(256, eps=1e-05, momentum=0.1, affine=True, track_running_stats=True)
        (conv3): Conv2d(256, 1024, kernel_size=(1, 1), stride=(1, 1), bias=False)
        (bn3): BatchNorm2d(1024, eps=1e-05, momentum=0.1, affine=True, track_running_stats=True)
        (relu): ReLU(inplace=True)
      )
      (3): Bottleneck(
        (conv1): Conv2d(1024, 256, kernel_size=(1, 1), stride=(1, 1), bias=False)
        (bn1): BatchNorm2d(256, eps=1e-05, momentum=0.1, affine=True, track_running_stats=True)
        (conv2): Conv2d(256, 256, kernel_size=(3, 3), stride=(1, 1), padding=(1, 1), bias=False)
        (bn2): BatchNorm2d(256, eps=1e-05, momentum=0.1, affine=True, track_running_stats=True)
        (conv3): Conv2d(256, 1024, kernel_size=(1, 1), stride=(1, 1), bias=False)
        (bn3): BatchNorm2d(1024, eps=1e-05, momentum=0.1, affine=True, track_running_stats=True)
        (relu): ReLU(inplace=True)
      )
      (4): Bottleneck(
        (conv1): Conv2d(1024, 256, kernel_size=(1, 1), stride=(1, 1), bias=False)
        (bn1): BatchNorm2d(256, eps=1e-05, momentum=0.1, affine=True, track_running_stats=True)
        (conv2): Conv2d(256, 256, kernel_size=(3, 3), stride=(1, 1), padding=(1, 1), bias=False)
        (bn2): BatchNorm2d(256, eps=1e-05, momentum=0.1, affine=True, track_running_stats=True)
        (conv3): Conv2d(256, 1024, kernel_size=(1, 1), stride=(1, 1), bias=False)
        (bn3): BatchNorm2d(1024, eps=1e-05, momentum=0.1, affine=True, track_running_stats=True)
        (relu): ReLU(inplace=True)
      )
      (5): Bottleneck(
        (conv1): Conv2d(1024, 256, kernel_size=(1, 1), stride=(1, 1), bias=False)
        (bn1): BatchNorm2d(256, eps=1e-05, momentum=0.1, affine=True, track_running_stats=True)
        (conv2): Conv2d(256, 256, kernel_size=(3, 3), stride=(1, 1), padding=(1, 1), bias=False)
        (bn2): BatchNorm2d(256, eps=1e-05, momentum=0.1, affine=True, track_running_stats=True)
        (conv3): Conv2d(256, 1024, kernel_size=(1, 1), stride=(1, 1), bias=False)
        (bn3): BatchNorm2d(1024, eps=1e-05, momentum=0.1, affine=True, track_running_stats=True)
        (relu): ReLU(inplace=True)
      )
    )
    (layer4): Sequential(
      (0): Bottleneck(
        (conv1): Conv2d(1024, 512, kernel_size=(1, 1), stride=(1, 1), bias=False)
        (bn1): BatchNorm2d(512, eps=1e-05, momentum=0.1, affine=True, track_running_stats=True)
        (conv2): Conv2d(512, 512, kernel_size=(3, 3), stride=(2, 2), padding=(1, 1), bias=False)
        (bn2): BatchNorm2d(512, eps=1e-05, momentum=0.1, affine=True, track_running_stats=True)
        (conv3): Conv2d(512, 2048, kernel_size=(1, 1), stride=(1, 1), bias=False)
        (bn3): BatchNorm2d(2048, eps=1e-05, momentum=0.1, affine=True, track_running_stats=True)
        (relu): ReLU(inplace=True)
        (downsample): Sequential(
          (0): Conv2d(1024, 2048, kernel_size=(1, 1), stride=(2, 2), bias=False)
          (1): BatchNorm2d(2048, eps=1e-05, momentum=0.1, affine=True, track_running_stats=True)
        )
      )
      (1): Bottleneck(
        (conv1): Conv2d(2048, 512, kernel_size=(1, 1), stride=(1, 1), bias=False)
        (bn1): BatchNorm2d(512, eps=1e-05, momentum=0.1, affine=True, track_running_stats=True)
        (conv2): Conv2d(512, 512, kernel_size=(3, 3), stride=(1, 1), padding=(1, 1), bias=False)
        (bn2): BatchNorm2d(512, eps=1e-05, momentum=0.1, affine=True, track_running_stats=True)
        (conv3): Conv2d(512, 2048, kernel_size=(1, 1), stride=(1, 1), bias=False)
        (bn3): BatchNorm2d(2048, eps=1e-05, momentum=0.1, affine=True, track_running_stats=True)
        (relu): ReLU(inplace=True)
      )
      (2): Bottleneck(
        (conv1): Conv2d(2048, 512, kernel_size=(1, 1), stride=(1, 1), bias=False)
        (bn1): BatchNorm2d(512, eps=1e-05, momentum=0.1, affine=True, track_running_stats=True)
        (conv2): Conv2d(512, 512, kernel_size=(3, 3), stride=(1, 1), padding=(1, 1), bias=False)
        (bn2): BatchNorm2d(512, eps=1e-05, momentum=0.1, affine=True, track_running_stats=True)
        (conv3): Conv2d(512, 2048, kernel_size=(1, 1), stride=(1, 1), bias=False)
        (bn3): BatchNorm2d(2048, eps=1e-05, momentum=0.1, affine=True, track_running_stats=True)
        (relu): ReLU(inplace=True)
      )
    )
    (avgpool): AvgPool2d(kernel_size=7, stride=7, padding=0)
    (fc): Linear(in_features=2048, out_features=200, bias=True)
  )
)
the number of model parameters: 23917832
* Epoch: [0/300]	 Top 1-err 99.425  Top 5-err 97.292	 Train Loss 5.424
* Epoch: [0/300]	 Top 1-err 99.300  Top 5-err 95.960	 Test Loss 5.271
Current best accuracy (top-1 and 5 error): 99.3 95.9600000366211
* Epoch: [1/300]	 Top 1-err 98.824  Top 5-err 94.835	 Train Loss 5.219
* Epoch: [1/300]	 Top 1-err 97.880  Top 5-err 91.720	 Test Loss 5.062
Current best accuracy (top-1 and 5 error): 97.88 91.71999997558594
* Epoch: [2/300]	 Top 1-err 98.263  Top 5-err 92.860	 Train Loss 5.154
* Epoch: [2/300]	 Top 1-err 97.100  Top 5-err 89.200	 Test Loss 4.973
Current best accuracy (top-1 and 5 error): 97.09999997558593 89.19999991455079
* Epoch: [3/300]	 Top 1-err 97.746  Top 5-err 90.958	 Train Loss 5.097
* Epoch: [3/300]	 Top 1-err 96.160  Top 5-err 85.300	 Test Loss 4.818
Current best accuracy (top-1 and 5 error): 96.1600000366211 85.29999986572265
* Epoch: [4/300]	 Top 1-err 96.717  Top 5-err 87.550	 Train Loss 4.986
* Epoch: [4/300]	 Top 1-err 93.620  Top 5-err 78.440	 Test Loss 4.563
Current best accuracy (top-1 and 5 error): 93.61999990234375 78.44000000610352
* Epoch: [5/300]	 Top 1-err 94.984  Top 5-err 83.092	 Train Loss 4.858
* Epoch: [5/300]	 Top 1-err 90.620  Top 5-err 73.000	 Test Loss 4.319
Current best accuracy (top-1 and 5 error): 90.62000002441407 72.99999998168946
* Epoch: [6/300]	 Top 1-err 93.292  Top 5-err 79.413	 Train Loss 4.747
* Epoch: [6/300]	 Top 1-err 88.180  Top 5-err 68.940	 Test Loss 4.172
Current best accuracy (top-1 and 5 error): 88.18000001220703 68.9399999267578
* Epoch: [7/300]	 Top 1-err 91.619  Top 5-err 75.770	 Train Loss 4.643
* Epoch: [7/300]	 Top 1-err 84.720  Top 5-err 63.720	 Test Loss 3.940
Current best accuracy (top-1 and 5 error): 84.71999993896485 63.719999975585935
* Epoch: [8/300]	 Top 1-err 89.735  Top 5-err 72.230	 Train Loss 4.539
* Epoch: [8/300]	 Top 1-err 83.780  Top 5-err 59.660	 Test Loss 3.788
Current best accuracy (top-1 and 5 error): 83.77999989013672 59.66
* Epoch: [9/300]	 Top 1-err 87.807  Top 5-err 68.788	 Train Loss 4.427
* Epoch: [9/300]	 Top 1-err 81.400  Top 5-err 56.640	 Test Loss 3.653
Current best accuracy (top-1 and 5 error): 81.4000000366211 56.64000001220703
* Epoch: [10/300]	 Top 1-err 86.134  Top 5-err 66.672	 Train Loss 4.335
* Epoch: [10/300]	 Top 1-err 77.720  Top 5-err 51.120	 Test Loss 3.446
Current best accuracy (top-1 and 5 error): 77.71999996337891 51.11999996948242
* Epoch: [11/300]	 Top 1-err 84.473  Top 5-err 63.966	 Train Loss 4.262
* Epoch: [11/300]	 Top 1-err 75.640  Top 5-err 49.120	 Test Loss 3.308
Current best accuracy (top-1 and 5 error): 75.64000004882813 49.119999996948245
* Epoch: [12/300]	 Top 1-err 83.112  Top 5-err 61.561	 Train Loss 4.200
* Epoch: [12/300]	 Top 1-err 73.160  Top 5-err 45.920	 Test Loss 3.201
Current best accuracy (top-1 and 5 error): 73.16000002441406 45.91999998168945
* Epoch: [13/300]	 Top 1-err 81.404  Top 5-err 59.650	 Train Loss 4.131
* Epoch: [13/300]	 Top 1-err 71.840  Top 5-err 44.820	 Test Loss 3.140
Current best accuracy (top-1 and 5 error): 71.84000004882813 44.81999999694824
* Epoch: [14/300]	 Top 1-err 80.861  Top 5-err 58.828	 Train Loss 4.090
* Epoch: [14/300]	 Top 1-err 70.040  Top 5-err 42.520	 Test Loss 3.068
Current best accuracy (top-1 and 5 error): 70.03999991455078 42.519999993896484
* Epoch: [15/300]	 Top 1-err 79.498  Top 5-err 56.835	 Train Loss 4.021
* Epoch: [15/300]	 Top 1-err 68.800  Top 5-err 41.980	 Test Loss 2.993
Current best accuracy (top-1 and 5 error): 68.80000000610352 41.979999996948244
* Epoch: [16/300]	 Top 1-err 78.411  Top 5-err 55.606	 Train Loss 3.983
* Epoch: [16/300]	 Top 1-err 67.860  Top 5-err 39.840	 Test Loss 2.919
Current best accuracy (top-1 and 5 error): 67.86000004882813 39.839999996948244
* Epoch: [17/300]	 Top 1-err 76.809  Top 5-err 53.326	 Train Loss 3.892
* Epoch: [17/300]	 Top 1-err 65.320  Top 5-err 36.540	 Test Loss 2.763
Current best accuracy (top-1 and 5 error): 65.32000000610351 36.539999978637695
* Epoch: [18/300]	 Top 1-err 76.723  Top 5-err 53.466	 Train Loss 3.898
* Epoch: [18/300]	 Top 1-err 63.500  Top 5-err 36.460	 Test Loss 2.716
Current best accuracy (top-1 and 5 error): 63.499999975585936 36.45999999389648
* Epoch: [19/300]	 Top 1-err 75.345  Top 5-err 51.639	 Train Loss 3.818
* Epoch: [19/300]	 Top 1-err 62.520  Top 5-err 33.740	 Test Loss 2.635
Current best accuracy (top-1 and 5 error): 62.52000004882812 33.73999999084473
* Epoch: [20/300]	 Top 1-err 74.321  Top 5-err 50.494	 Train Loss 3.797
* Epoch: [20/300]	 Top 1-err 61.300  Top 5-err 32.900	 Test Loss 2.613
Current best accuracy (top-1 and 5 error): 61.30000000610352 32.899999993896486
* Epoch: [21/300]	 Top 1-err 73.279  Top 5-err 49.027	 Train Loss 3.736
* Epoch: [21/300]	 Top 1-err 62.980  Top 5-err 34.140	 Test Loss 2.664
Current best accuracy (top-1 and 5 error): 61.30000000610352 32.899999993896486
* Epoch: [22/300]	 Top 1-err 72.768  Top 5-err 48.357	 Train Loss 3.724
* Epoch: [22/300]	 Top 1-err 59.100  Top 5-err 30.560	 Test Loss 2.511
Current best accuracy (top-1 and 5 error): 59.09999992675781 30.559999998474122
* Epoch: [23/300]	 Top 1-err 71.647  Top 5-err 47.305	 Train Loss 3.670
* Epoch: [23/300]	 Top 1-err 59.120  Top 5-err 30.960	 Test Loss 2.472
Current best accuracy (top-1 and 5 error): 59.09999992675781 30.559999998474122
* Epoch: [24/300]	 Top 1-err 70.805  Top 5-err 46.428	 Train Loss 3.635
* Epoch: [24/300]	 Top 1-err 57.680  Top 5-err 30.080	 Test Loss 2.442
Current best accuracy (top-1 and 5 error): 57.67999995727539 30.079999996948242
* Epoch: [25/300]	 Top 1-err 70.276  Top 5-err 45.705	 Train Loss 3.607
* Epoch: [25/300]	 Top 1-err 57.580  Top 5-err 30.400	 Test Loss 2.446
Current best accuracy (top-1 and 5 error): 57.579999981689454 30.399999969482423
* Epoch: [26/300]	 Top 1-err 69.884  Top 5-err 45.006	 Train Loss 3.607
* Epoch: [26/300]	 Top 1-err 55.560  Top 5-err 29.040	 Test Loss 2.353
Current best accuracy (top-1 and 5 error): 55.56000001831055 29.040000009155275
* Epoch: [27/300]	 Top 1-err 69.474  Top 5-err 44.976	 Train Loss 3.546
* Epoch: [27/300]	 Top 1-err 55.420  Top 5-err 27.640	 Test Loss 2.337
Current best accuracy (top-1 and 5 error): 55.41999996948242 27.639999992370605
* Epoch: [28/300]	 Top 1-err 68.212  Top 5-err 43.627	 Train Loss 3.512
* Epoch: [28/300]	 Top 1-err 54.400  Top 5-err 28.180	 Test Loss 2.312
Current best accuracy (top-1 and 5 error): 54.399999926757815 28.17999998474121
* Epoch: [29/300]	 Top 1-err 67.738  Top 5-err 43.182	 Train Loss 3.507
* Epoch: [29/300]	 Top 1-err 54.140  Top 5-err 26.700	 Test Loss 2.280
Current best accuracy (top-1 and 5 error): 54.13999993896484 26.699999987792967
* Epoch: [30/300]	 Top 1-err 67.415  Top 5-err 42.601	 Train Loss 3.475
* Epoch: [30/300]	 Top 1-err 55.060  Top 5-err 27.600	 Test Loss 2.313
Current best accuracy (top-1 and 5 error): 54.13999993896484 26.699999987792967
* Epoch: [31/300]	 Top 1-err 67.345  Top 5-err 42.657	 Train Loss 3.464
* Epoch: [31/300]	 Top 1-err 54.280  Top 5-err 27.380	 Test Loss 2.276
Current best accuracy (top-1 and 5 error): 54.13999993896484 26.699999987792967
* Epoch: [32/300]	 Top 1-err 66.217  Top 5-err 41.261	 Train Loss 3.425
* Epoch: [32/300]	 Top 1-err 55.700  Top 5-err 28.400	 Test Loss 2.354
Current best accuracy (top-1 and 5 error): 54.13999993896484 26.699999987792967
* Epoch: [33/300]	 Top 1-err 66.432  Top 5-err 41.510	 Train Loss 3.426
* Epoch: [33/300]	 Top 1-err 51.280  Top 5-err 25.020	 Test Loss 2.175
Current best accuracy (top-1 and 5 error): 51.28000001220703 25.019999981689452
* Epoch: [34/300]	 Top 1-err 66.192  Top 5-err 41.574	 Train Loss 3.405
* Epoch: [34/300]	 Top 1-err 54.060  Top 5-err 26.500	 Test Loss 2.230
Current best accuracy (top-1 and 5 error): 51.28000001220703 25.019999981689452
* Epoch: [35/300]	 Top 1-err 65.145  Top 5-err 40.341	 Train Loss 3.365
* Epoch: [35/300]	 Top 1-err 51.720  Top 5-err 24.940	 Test Loss 2.165
Current best accuracy (top-1 and 5 error): 51.28000001220703 25.019999981689452
* Epoch: [36/300]	 Top 1-err 64.840  Top 5-err 39.921	 Train Loss 3.378
* Epoch: [36/300]	 Top 1-err 51.560  Top 5-err 25.920	 Test Loss 2.169
Current best accuracy (top-1 and 5 error): 51.28000001220703 25.019999981689452
* Epoch: [37/300]	 Top 1-err 65.054  Top 5-err 40.481	 Train Loss 3.380
* Epoch: [37/300]	 Top 1-err 51.040  Top 5-err 24.300	 Test Loss 2.130
Current best accuracy (top-1 and 5 error): 51.04 24.299999992370605
* Epoch: [38/300]	 Top 1-err 64.114  Top 5-err 39.358	 Train Loss 3.361
* Epoch: [38/300]	 Top 1-err 51.640  Top 5-err 25.260	 Test Loss 2.189
Current best accuracy (top-1 and 5 error): 51.04 24.299999992370605
* Epoch: [39/300]	 Top 1-err 62.554  Top 5-err 37.584	 Train Loss 3.264
* Epoch: [39/300]	 Top 1-err 51.520  Top 5-err 24.360	 Test Loss 2.131
Current best accuracy (top-1 and 5 error): 51.04 24.299999992370605
* Epoch: [40/300]	 Top 1-err 63.289  Top 5-err 38.538	 Train Loss 3.273
* Epoch: [40/300]	 Top 1-err 49.720  Top 5-err 23.860	 Test Loss 2.048
Current best accuracy (top-1 and 5 error): 49.72000001220703 23.85999999847412
* Epoch: [41/300]	 Top 1-err 63.294  Top 5-err 38.698	 Train Loss 3.293
* Epoch: [41/300]	 Top 1-err 49.440  Top 5-err 23.460	 Test Loss 2.057
Current best accuracy (top-1 and 5 error): 49.43999996337891 23.459999993896485
* Epoch: [42/300]	 Top 1-err 62.821  Top 5-err 38.263	 Train Loss 3.280
* Epoch: [42/300]	 Top 1-err 48.660  Top 5-err 22.860	 Test Loss 2.036
Current best accuracy (top-1 and 5 error): 48.65999994506836 22.86000000305176
* Epoch: [43/300]	 Top 1-err 62.241  Top 5-err 37.135	 Train Loss 3.237
* Epoch: [43/300]	 Top 1-err 51.120  Top 5-err 23.920	 Test Loss 2.108
Current best accuracy (top-1 and 5 error): 48.65999994506836 22.86000000305176
* Epoch: [44/300]	 Top 1-err 62.059  Top 5-err 37.395	 Train Loss 3.246
* Epoch: [44/300]	 Top 1-err 48.860  Top 5-err 23.820	 Test Loss 2.057
Current best accuracy (top-1 and 5 error): 48.65999994506836 22.86000000305176
* Epoch: [45/300]	 Top 1-err 61.400  Top 5-err 36.873	 Train Loss 3.216
* Epoch: [45/300]	 Top 1-err 48.220  Top 5-err 23.060	 Test Loss 2.013
Current best accuracy (top-1 and 5 error): 48.219999975585935 23.05999998779297
* Epoch: [46/300]	 Top 1-err 61.977  Top 5-err 37.580	 Train Loss 3.195
* Epoch: [46/300]	 Top 1-err 48.400  Top 5-err 23.380	 Test Loss 2.044
Current best accuracy (top-1 and 5 error): 48.219999975585935 23.05999998779297
* Epoch: [47/300]	 Top 1-err 61.131  Top 5-err 36.451	 Train Loss 3.205
* Epoch: [47/300]	 Top 1-err 47.480  Top 5-err 22.540	 Test Loss 2.009
Current best accuracy (top-1 and 5 error): 47.48000001220703 22.539999996948243
* Epoch: [48/300]	 Top 1-err 60.163  Top 5-err 35.504	 Train Loss 3.156
* Epoch: [48/300]	 Top 1-err 47.620  Top 5-err 23.320	 Test Loss 2.057
Current best accuracy (top-1 and 5 error): 47.48000001220703 22.539999996948243
* Epoch: [49/300]	 Top 1-err 60.204  Top 5-err 35.313	 Train Loss 3.173
* Epoch: [49/300]	 Top 1-err 47.800  Top 5-err 21.880	 Test Loss 1.965
Current best accuracy (top-1 and 5 error): 47.48000001220703 22.539999996948243
* Epoch: [50/300]	 Top 1-err 61.131  Top 5-err 36.538	 Train Loss 3.180
* Epoch: [50/300]	 Top 1-err 46.560  Top 5-err 21.780	 Test Loss 1.953
Current best accuracy (top-1 and 5 error): 46.55999993286133 21.779999975585937
* Epoch: [51/300]	 Top 1-err 59.855  Top 5-err 35.402	 Train Loss 3.135
* Epoch: [51/300]	 Top 1-err 46.340  Top 5-err 21.320	 Test Loss 1.945
Current best accuracy (top-1 and 5 error): 46.33999995727539 21.319999990844728
* Epoch: [52/300]	 Top 1-err 59.112  Top 5-err 34.166	 Train Loss 3.117
* Epoch: [52/300]	 Top 1-err 45.700  Top 5-err 21.020	 Test Loss 1.923
Current best accuracy (top-1 and 5 error): 45.69999997558594 21.019999978637696
* Epoch: [53/300]	 Top 1-err 59.528  Top 5-err 34.661	 Train Loss 3.125
* Epoch: [53/300]	 Top 1-err 47.220  Top 5-err 22.060	 Test Loss 1.987
Current best accuracy (top-1 and 5 error): 45.69999997558594 21.019999978637696
* Epoch: [54/300]	 Top 1-err 58.900  Top 5-err 34.261	 Train Loss 3.107
* Epoch: [54/300]	 Top 1-err 47.400  Top 5-err 22.040	 Test Loss 1.972
Current best accuracy (top-1 and 5 error): 45.69999997558594 21.019999978637696
* Epoch: [55/300]	 Top 1-err 58.449  Top 5-err 33.936	 Train Loss 3.080
* Epoch: [55/300]	 Top 1-err 46.600  Top 5-err 22.820	 Test Loss 1.985
Current best accuracy (top-1 and 5 error): 45.69999997558594 21.019999978637696
* Epoch: [56/300]	 Top 1-err 58.615  Top 5-err 34.002	 Train Loss 3.072
* Epoch: [56/300]	 Top 1-err 45.740  Top 5-err 21.120	 Test Loss 1.894
Current best accuracy (top-1 and 5 error): 45.69999997558594 21.019999978637696
* Epoch: [57/300]	 Top 1-err 59.150  Top 5-err 34.480	 Train Loss 3.098
* Epoch: [57/300]	 Top 1-err 45.880  Top 5-err 20.920	 Test Loss 1.921
Current best accuracy (top-1 and 5 error): 45.69999997558594 21.019999978637696
* Epoch: [58/300]	 Top 1-err 57.991  Top 5-err 33.440	 Train Loss 3.064
* Epoch: [58/300]	 Top 1-err 46.880  Top 5-err 22.100	 Test Loss 1.969
Current best accuracy (top-1 and 5 error): 45.69999997558594 21.019999978637696
* Epoch: [59/300]	 Top 1-err 57.890  Top 5-err 33.522	 Train Loss 3.010
* Epoch: [59/300]	 Top 1-err 46.640  Top 5-err 21.760	 Test Loss 1.939
Current best accuracy (top-1 and 5 error): 45.69999997558594 21.019999978637696
* Epoch: [60/300]	 Top 1-err 58.485  Top 5-err 33.809	 Train Loss 3.099
* Epoch: [60/300]	 Top 1-err 45.820  Top 5-err 21.820	 Test Loss 1.970
Current best accuracy (top-1 and 5 error): 45.69999997558594 21.019999978637696
* Epoch: [61/300]	 Top 1-err 58.080  Top 5-err 33.220	 Train Loss 3.054
* Epoch: [61/300]	 Top 1-err 45.420  Top 5-err 21.800	 Test Loss 1.921
Current best accuracy (top-1 and 5 error): 45.420000024414065 21.800000003051757
* Epoch: [62/300]	 Top 1-err 57.383  Top 5-err 32.843	 Train Loss 3.033
* Epoch: [62/300]	 Top 1-err 45.660  Top 5-err 21.620	 Test Loss 1.930
Current best accuracy (top-1 and 5 error): 45.420000024414065 21.800000003051757
* Epoch: [63/300]	 Top 1-err 58.073  Top 5-err 33.657	 Train Loss 3.050
* Epoch: [63/300]	 Top 1-err 44.400  Top 5-err 20.640	 Test Loss 1.861
Current best accuracy (top-1 and 5 error): 44.3999999633789 20.64000000152588
* Epoch: [64/300]	 Top 1-err 57.501  Top 5-err 33.108	 Train Loss 3.017
* Epoch: [64/300]	 Top 1-err 44.380  Top 5-err 19.880	 Test Loss 1.866
Current best accuracy (top-1 and 5 error): 44.37999994506836 19.879999992370607
* Epoch: [65/300]	 Top 1-err 56.641  Top 5-err 32.205	 Train Loss 3.015
* Epoch: [65/300]	 Top 1-err 45.420  Top 5-err 21.000	 Test Loss 1.923
Current best accuracy (top-1 and 5 error): 44.37999994506836 19.879999992370607
* Epoch: [66/300]	 Top 1-err 56.736  Top 5-err 32.419	 Train Loss 3.009
* Epoch: [66/300]	 Top 1-err 46.000  Top 5-err 21.460	 Test Loss 1.954
Current best accuracy (top-1 and 5 error): 44.37999994506836 19.879999992370607
* Epoch: [67/300]	 Top 1-err 56.401  Top 5-err 31.941	 Train Loss 2.973
* Epoch: [67/300]	 Top 1-err 46.380  Top 5-err 21.600	 Test Loss 1.939
Current best accuracy (top-1 and 5 error): 44.37999994506836 19.879999992370607
* Epoch: [68/300]	 Top 1-err 56.361  Top 5-err 31.518	 Train Loss 3.005
* Epoch: [68/300]	 Top 1-err 44.620  Top 5-err 20.620	 Test Loss 1.884
Current best accuracy (top-1 and 5 error): 44.37999994506836 19.879999992370607
* Epoch: [69/300]	 Top 1-err 57.258  Top 5-err 32.947	 Train Loss 3.009
* Epoch: [69/300]	 Top 1-err 43.580  Top 5-err 20.480	 Test Loss 1.838
Current best accuracy (top-1 and 5 error): 43.57999996948242 20.47999999847412
* Epoch: [70/300]	 Top 1-err 56.261  Top 5-err 32.137	 Train Loss 2.979
* Epoch: [70/300]	 Top 1-err 43.740  Top 5-err 20.180	 Test Loss 1.858
Current best accuracy (top-1 and 5 error): 43.57999996948242 20.47999999847412
* Epoch: [71/300]	 Top 1-err 56.554  Top 5-err 32.084	 Train Loss 3.016
* Epoch: [71/300]	 Top 1-err 43.680  Top 5-err 20.140	 Test Loss 1.838
Current best accuracy (top-1 and 5 error): 43.57999996948242 20.47999999847412
* Epoch: [72/300]	 Top 1-err 55.443  Top 5-err 30.869	 Train Loss 2.954
* Epoch: [72/300]	 Top 1-err 43.640  Top 5-err 19.520	 Test Loss 1.822
Current best accuracy (top-1 and 5 error): 43.57999996948242 20.47999999847412
* Epoch: [73/300]	 Top 1-err 55.832  Top 5-err 31.491	 Train Loss 2.971
* Epoch: [73/300]	 Top 1-err 45.880  Top 5-err 20.960	 Test Loss 1.916
Current best accuracy (top-1 and 5 error): 43.57999996948242 20.47999999847412
* Epoch: [74/300]	 Top 1-err 56.209  Top 5-err 31.766	 Train Loss 2.978
* Epoch: [74/300]	 Top 1-err 43.680  Top 5-err 19.960	 Test Loss 1.840
Current best accuracy (top-1 and 5 error): 43.57999996948242 20.47999999847412
* Epoch: [75/300]	 Top 1-err 49.000  Top 5-err 25.855	 Train Loss 2.701
* Epoch: [75/300]	 Top 1-err 35.660  Top 5-err 15.080	 Test Loss 1.507
Current best accuracy (top-1 and 5 error): 35.66000001831055 15.079999989318848
* Epoch: [76/300]	 Top 1-err 46.308  Top 5-err 23.842	 Train Loss 2.597
* Epoch: [76/300]	 Top 1-err 35.020  Top 5-err 14.820	 Test Loss 1.469
Current best accuracy (top-1 and 5 error): 35.020000006103515 14.819999995422362
* Epoch: [77/300]	 Top 1-err 46.049  Top 5-err 23.594	 Train Loss 2.580
* Epoch: [77/300]	 Top 1-err 34.720  Top 5-err 14.760	 Test Loss 1.467
Current best accuracy (top-1 and 5 error): 34.72000001831055 14.759999987792968
* Epoch: [78/300]	 Top 1-err 45.995  Top 5-err 23.692	 Train Loss 2.553
* Epoch: [78/300]	 Top 1-err 34.660  Top 5-err 14.400	 Test Loss 1.460
Current best accuracy (top-1 and 5 error): 34.66000002441406 14.399999981689453
* Epoch: [79/300]	 Top 1-err 45.131  Top 5-err 22.745	 Train Loss 2.531
* Epoch: [79/300]	 Top 1-err 34.720  Top 5-err 14.700	 Test Loss 1.475
Current best accuracy (top-1 and 5 error): 34.66000002441406 14.399999981689453
* Epoch: [80/300]	 Top 1-err 44.085  Top 5-err 22.233	 Train Loss 2.508
* Epoch: [80/300]	 Top 1-err 34.720  Top 5-err 14.760	 Test Loss 1.469
Current best accuracy (top-1 and 5 error): 34.66000002441406 14.399999981689453
* Epoch: [81/300]	 Top 1-err 44.507  Top 5-err 22.380	 Train Loss 2.527
* Epoch: [81/300]	 Top 1-err 34.440  Top 5-err 14.680	 Test Loss 1.464
Current best accuracy (top-1 and 5 error): 34.44000002441406 14.679999993896484
* Epoch: [82/300]	 Top 1-err 44.457  Top 5-err 22.135	 Train Loss 2.490
* Epoch: [82/300]	 Top 1-err 34.800  Top 5-err 14.280	 Test Loss 1.464
Current best accuracy (top-1 and 5 error): 34.44000002441406 14.679999993896484
* Epoch: [83/300]	 Top 1-err 43.929  Top 5-err 21.895	 Train Loss 2.470
* Epoch: [83/300]	 Top 1-err 34.360  Top 5-err 14.360	 Test Loss 1.479
Current best accuracy (top-1 and 5 error): 34.36000001220703 14.359999989318847
* Epoch: [84/300]	 Top 1-err 43.376  Top 5-err 21.725	 Train Loss 2.468
* Epoch: [84/300]	 Top 1-err 33.940  Top 5-err 14.600	 Test Loss 1.453
Current best accuracy (top-1 and 5 error): 33.94000001831055 14.599999981689454
* Epoch: [85/300]	 Top 1-err 43.516  Top 5-err 21.577	 Train Loss 2.461
* Epoch: [85/300]	 Top 1-err 33.980  Top 5-err 14.500	 Test Loss 1.458
Current best accuracy (top-1 and 5 error): 33.94000001831055 14.599999981689454
* Epoch: [86/300]	 Top 1-err 42.675  Top 5-err 20.766	 Train Loss 2.460
* Epoch: [86/300]	 Top 1-err 34.060  Top 5-err 14.380	 Test Loss 1.480
Current best accuracy (top-1 and 5 error): 33.94000001831055 14.599999981689454
* Epoch: [87/300]	 Top 1-err 41.677  Top 5-err 19.970	 Train Loss 2.398
* Epoch: [87/300]	 Top 1-err 34.280  Top 5-err 14.280	 Test Loss 1.470
Current best accuracy (top-1 and 5 error): 33.94000001831055 14.599999981689454
* Epoch: [88/300]	 Top 1-err 42.146  Top 5-err 20.425	 Train Loss 2.426
* Epoch: [88/300]	 Top 1-err 34.380  Top 5-err 14.180	 Test Loss 1.467
Current best accuracy (top-1 and 5 error): 33.94000001831055 14.599999981689454
* Epoch: [89/300]	 Top 1-err 41.093  Top 5-err 19.778	 Train Loss 2.389
* Epoch: [89/300]	 Top 1-err 34.300  Top 5-err 14.680	 Test Loss 1.475
Current best accuracy (top-1 and 5 error): 33.94000001831055 14.599999981689454
* Epoch: [90/300]	 Top 1-err 42.639  Top 5-err 21.324	 Train Loss 2.403
* Epoch: [90/300]	 Top 1-err 34.040  Top 5-err 14.460	 Test Loss 1.462
Current best accuracy (top-1 and 5 error): 33.94000001831055 14.599999981689454
* Epoch: [91/300]	 Top 1-err 42.049  Top 5-err 20.309	 Train Loss 2.409
* Epoch: [91/300]	 Top 1-err 34.200  Top 5-err 14.360	 Test Loss 1.469
Current best accuracy (top-1 and 5 error): 33.94000001831055 14.599999981689454
* Epoch: [92/300]	 Top 1-err 41.728  Top 5-err 20.493	 Train Loss 2.377
* Epoch: [92/300]	 Top 1-err 33.860  Top 5-err 14.080	 Test Loss 1.447
Current best accuracy (top-1 and 5 error): 33.86 14.080000001525878
* Epoch: [93/300]	 Top 1-err 42.889  Top 5-err 20.889	 Train Loss 2.414
* Epoch: [93/300]	 Top 1-err 34.420  Top 5-err 14.400	 Test Loss 1.468
Current best accuracy (top-1 and 5 error): 33.86 14.080000001525878
* Epoch: [94/300]	 Top 1-err 40.731  Top 5-err 19.459	 Train Loss 2.346
* Epoch: [94/300]	 Top 1-err 34.360  Top 5-err 14.320	 Test Loss 1.458
Current best accuracy (top-1 and 5 error): 33.86 14.080000001525878
* Epoch: [95/300]	 Top 1-err 40.688  Top 5-err 19.234	 Train Loss 2.365
* Epoch: [95/300]	 Top 1-err 33.900  Top 5-err 14.500	 Test Loss 1.461
Current best accuracy (top-1 and 5 error): 33.86 14.080000001525878
* Epoch: [96/300]	 Top 1-err 41.471  Top 5-err 20.142	 Train Loss 2.390
* Epoch: [96/300]	 Top 1-err 34.300  Top 5-err 14.580	 Test Loss 1.474
Current best accuracy (top-1 and 5 error): 33.86 14.080000001525878
* Epoch: [97/300]	 Top 1-err 40.329  Top 5-err 19.376	 Train Loss 2.341
* Epoch: [97/300]	 Top 1-err 34.000  Top 5-err 14.400	 Test Loss 1.474
Current best accuracy (top-1 and 5 error): 33.86 14.080000001525878
* Epoch: [98/300]	 Top 1-err 39.447  Top 5-err 18.398	 Train Loss 2.329
* Epoch: [98/300]	 Top 1-err 34.140  Top 5-err 14.620	 Test Loss 1.467
Current best accuracy (top-1 and 5 error): 33.86 14.080000001525878
* Epoch: [99/300]	 Top 1-err 39.140  Top 5-err 18.226	 Train Loss 2.260
* Epoch: [99/300]	 Top 1-err 34.900  Top 5-err 14.400	 Test Loss 1.471
Current best accuracy (top-1 and 5 error): 33.86 14.080000001525878
* Epoch: [100/300]	 Top 1-err 39.944  Top 5-err 18.960	 Train Loss 2.300
* Epoch: [100/300]	 Top 1-err 34.820  Top 5-err 14.460	 Test Loss 1.495
Current best accuracy (top-1 and 5 error): 33.86 14.080000001525878
* Epoch: [101/300]	 Top 1-err 40.221  Top 5-err 19.076	 Train Loss 2.334
* Epoch: [101/300]	 Top 1-err 34.640  Top 5-err 14.700	 Test Loss 1.515
Current best accuracy (top-1 and 5 error): 33.86 14.080000001525878
* Epoch: [102/300]	 Top 1-err 40.789  Top 5-err 20.039	 Train Loss 2.310
* Epoch: [102/300]	 Top 1-err 34.020  Top 5-err 14.580	 Test Loss 1.466
Current best accuracy (top-1 and 5 error): 33.86 14.080000001525878
* Epoch: [103/300]	 Top 1-err 39.722  Top 5-err 19.008	 Train Loss 2.284
* Epoch: [103/300]	 Top 1-err 34.520  Top 5-err 15.040	 Test Loss 1.484
Current best accuracy (top-1 and 5 error): 33.86 14.080000001525878
* Epoch: [104/300]	 Top 1-err 40.321  Top 5-err 19.042	 Train Loss 2.334
* Epoch: [104/300]	 Top 1-err 34.780  Top 5-err 14.320	 Test Loss 1.485
Current best accuracy (top-1 and 5 error): 33.86 14.080000001525878
* Epoch: [105/300]	 Top 1-err 38.771  Top 5-err 17.924	 Train Loss 2.291
* Epoch: [105/300]	 Top 1-err 34.140  Top 5-err 14.960	 Test Loss 1.474
Current best accuracy (top-1 and 5 error): 33.86 14.080000001525878
* Epoch: [106/300]	 Top 1-err 39.379  Top 5-err 18.410	 Train Loss 2.296
* Epoch: [106/300]	 Top 1-err 35.000  Top 5-err 14.860	 Test Loss 1.512
Current best accuracy (top-1 and 5 error): 33.86 14.080000001525878
* Epoch: [107/300]	 Top 1-err 39.307  Top 5-err 18.263	 Train Loss 2.307
* Epoch: [107/300]	 Top 1-err 34.320  Top 5-err 14.500	 Test Loss 1.489
Current best accuracy (top-1 and 5 error): 33.86 14.080000001525878
* Epoch: [108/300]	 Top 1-err 37.884  Top 5-err 17.395	 Train Loss 2.240
* Epoch: [108/300]	 Top 1-err 35.180  Top 5-err 14.940	 Test Loss 1.525
Current best accuracy (top-1 and 5 error): 33.86 14.080000001525878
* Epoch: [109/300]	 Top 1-err 38.064  Top 5-err 17.710	 Train Loss 2.282
* Epoch: [109/300]	 Top 1-err 34.760  Top 5-err 15.080	 Test Loss 1.524
Current best accuracy (top-1 and 5 error): 33.86 14.080000001525878
* Epoch: [110/300]	 Top 1-err 39.134  Top 5-err 18.545	 Train Loss 2.267
* Epoch: [110/300]	 Top 1-err 34.800  Top 5-err 14.880	 Test Loss 1.513
Current best accuracy (top-1 and 5 error): 33.86 14.080000001525878
* Epoch: [111/300]	 Top 1-err 38.459  Top 5-err 17.619	 Train Loss 2.256
* Epoch: [111/300]	 Top 1-err 34.880  Top 5-err 14.940	 Test Loss 1.508
Current best accuracy (top-1 and 5 error): 33.86 14.080000001525878
* Epoch: [112/300]	 Top 1-err 37.493  Top 5-err 17.299	 Train Loss 2.243
* Epoch: [112/300]	 Top 1-err 35.000  Top 5-err 15.280	 Test Loss 1.544
Current best accuracy (top-1 and 5 error): 33.86 14.080000001525878
* Epoch: [113/300]	 Top 1-err 37.712  Top 5-err 17.268	 Train Loss 2.238
* Epoch: [113/300]	 Top 1-err 34.920  Top 5-err 15.020	 Test Loss 1.509
Current best accuracy (top-1 and 5 error): 33.86 14.080000001525878
* Epoch: [114/300]	 Top 1-err 38.371  Top 5-err 17.715	 Train Loss 2.259
* Epoch: [114/300]	 Top 1-err 35.000  Top 5-err 15.420	 Test Loss 1.528
Current best accuracy (top-1 and 5 error): 33.86 14.080000001525878
* Epoch: [115/300]	 Top 1-err 37.879  Top 5-err 17.544	 Train Loss 2.227
* Epoch: [115/300]	 Top 1-err 35.000  Top 5-err 15.200	 Test Loss 1.528
Current best accuracy (top-1 and 5 error): 33.86 14.080000001525878
* Epoch: [116/300]	 Top 1-err 38.281  Top 5-err 17.738	 Train Loss 2.246
* Epoch: [116/300]	 Top 1-err 34.560  Top 5-err 14.940	 Test Loss 1.513
Current best accuracy (top-1 and 5 error): 33.86 14.080000001525878
* Epoch: [117/300]	 Top 1-err 38.729  Top 5-err 17.901	 Train Loss 2.264
* Epoch: [117/300]	 Top 1-err 35.320  Top 5-err 15.420	 Test Loss 1.526
Current best accuracy (top-1 and 5 error): 33.86 14.080000001525878
* Epoch: [118/300]	 Top 1-err 37.801  Top 5-err 17.523	 Train Loss 2.230
* Epoch: [118/300]	 Top 1-err 36.080  Top 5-err 15.620	 Test Loss 1.581
Current best accuracy (top-1 and 5 error): 33.86 14.080000001525878
* Epoch: [119/300]	 Top 1-err 36.442  Top 5-err 16.308	 Train Loss 2.206
* Epoch: [119/300]	 Top 1-err 36.100  Top 5-err 15.400	 Test Loss 1.548
Current best accuracy (top-1 and 5 error): 33.86 14.080000001525878
* Epoch: [120/300]	 Top 1-err 37.679  Top 5-err 17.267	 Train Loss 2.240
* Epoch: [120/300]	 Top 1-err 35.980  Top 5-err 15.620	 Test Loss 1.559
Current best accuracy (top-1 and 5 error): 33.86 14.080000001525878
* Epoch: [121/300]	 Top 1-err 37.145  Top 5-err 17.059	 Train Loss 2.242
* Epoch: [121/300]	 Top 1-err 35.260  Top 5-err 15.480	 Test Loss 1.552
Current best accuracy (top-1 and 5 error): 33.86 14.080000001525878
* Epoch: [122/300]	 Top 1-err 37.795  Top 5-err 17.320	 Train Loss 2.254
* Epoch: [122/300]	 Top 1-err 34.860  Top 5-err 15.320	 Test Loss 1.542
Current best accuracy (top-1 and 5 error): 33.86 14.080000001525878
* Epoch: [123/300]	 Top 1-err 36.479  Top 5-err 16.192	 Train Loss 2.183
* Epoch: [123/300]	 Top 1-err 35.400  Top 5-err 15.380	 Test Loss 1.545
Current best accuracy (top-1 and 5 error): 33.86 14.080000001525878
* Epoch: [124/300]	 Top 1-err 36.065  Top 5-err 16.135	 Train Loss 2.197
* Epoch: [124/300]	 Top 1-err 35.440  Top 5-err 15.440	 Test Loss 1.544
Current best accuracy (top-1 and 5 error): 33.86 14.080000001525878
* Epoch: [125/300]	 Top 1-err 36.922  Top 5-err 16.997	 Train Loss 2.194
* Epoch: [125/300]	 Top 1-err 35.200  Top 5-err 15.980	 Test Loss 1.563
Current best accuracy (top-1 and 5 error): 33.86 14.080000001525878
* Epoch: [126/300]	 Top 1-err 36.866  Top 5-err 16.479	 Train Loss 2.206
* Epoch: [126/300]	 Top 1-err 34.800  Top 5-err 15.800	 Test Loss 1.545
Current best accuracy (top-1 and 5 error): 33.86 14.080000001525878
* Epoch: [127/300]	 Top 1-err 36.910  Top 5-err 16.788	 Train Loss 2.173
* Epoch: [127/300]	 Top 1-err 35.520  Top 5-err 15.560	 Test Loss 1.566
Current best accuracy (top-1 and 5 error): 33.86 14.080000001525878
* Epoch: [128/300]	 Top 1-err 36.634  Top 5-err 16.365	 Train Loss 2.199
* Epoch: [128/300]	 Top 1-err 35.380  Top 5-err 15.620	 Test Loss 1.559
Current best accuracy (top-1 and 5 error): 33.86 14.080000001525878
* Epoch: [129/300]	 Top 1-err 36.833  Top 5-err 16.534	 Train Loss 2.217
* Epoch: [129/300]	 Top 1-err 34.960  Top 5-err 15.340	 Test Loss 1.553
Current best accuracy (top-1 and 5 error): 33.86 14.080000001525878
* Epoch: [130/300]	 Top 1-err 34.338  Top 5-err 15.212	 Train Loss 2.105
* Epoch: [130/300]	 Top 1-err 35.240  Top 5-err 15.660	 Test Loss 1.541
Current best accuracy (top-1 and 5 error): 33.86 14.080000001525878
* Epoch: [131/300]	 Top 1-err 34.458  Top 5-err 14.953	 Train Loss 2.140
* Epoch: [131/300]	 Top 1-err 36.700  Top 5-err 15.580	 Test Loss 1.563
Current best accuracy (top-1 and 5 error): 33.86 14.080000001525878
* Epoch: [132/300]	 Top 1-err 35.254  Top 5-err 15.579	 Train Loss 2.147
* Epoch: [132/300]	 Top 1-err 35.740  Top 5-err 15.660	 Test Loss 1.578
Current best accuracy (top-1 and 5 error): 33.86 14.080000001525878
* Epoch: [133/300]	 Top 1-err 36.854  Top 5-err 16.496	 Train Loss 2.196
* Epoch: [133/300]	 Top 1-err 35.420  Top 5-err 15.660	 Test Loss 1.577
Current best accuracy (top-1 and 5 error): 33.86 14.080000001525878
* Epoch: [134/300]	 Top 1-err 35.862  Top 5-err 16.133	 Train Loss 2.166
* Epoch: [134/300]	 Top 1-err 35.800  Top 5-err 15.960	 Test Loss 1.595
Current best accuracy (top-1 and 5 error): 33.86 14.080000001525878
* Epoch: [135/300]	 Top 1-err 36.350  Top 5-err 16.100	 Train Loss 2.181
* Epoch: [135/300]	 Top 1-err 36.140  Top 5-err 16.100	 Test Loss 1.589
Current best accuracy (top-1 and 5 error): 33.86 14.080000001525878
* Epoch: [136/300]	 Top 1-err 34.280  Top 5-err 15.157	 Train Loss 2.142
* Epoch: [136/300]	 Top 1-err 36.000  Top 5-err 16.320	 Test Loss 1.592
Current best accuracy (top-1 and 5 error): 33.86 14.080000001525878
* Epoch: [137/300]	 Top 1-err 34.320  Top 5-err 14.784	 Train Loss 2.128
* Epoch: [137/300]	 Top 1-err 35.720  Top 5-err 15.780	 Test Loss 1.586
Current best accuracy (top-1 and 5 error): 33.86 14.080000001525878
* Epoch: [138/300]	 Top 1-err 34.334  Top 5-err 14.757	 Train Loss 2.129
* Epoch: [138/300]	 Top 1-err 35.960  Top 5-err 15.760	 Test Loss 1.561
Current best accuracy (top-1 and 5 error): 33.86 14.080000001525878
* Epoch: [139/300]	 Top 1-err 35.730  Top 5-err 15.890	 Train Loss 2.166
* Epoch: [139/300]	 Top 1-err 35.480  Top 5-err 15.780	 Test Loss 1.600
Current best accuracy (top-1 and 5 error): 33.86 14.080000001525878
* Epoch: [140/300]	 Top 1-err 36.529  Top 5-err 16.548	 Train Loss 2.148
* Epoch: [140/300]	 Top 1-err 36.000  Top 5-err 16.300	 Test Loss 1.608
Current best accuracy (top-1 and 5 error): 33.86 14.080000001525878
* Epoch: [141/300]	 Top 1-err 33.868  Top 5-err 14.950	 Train Loss 2.089
* Epoch: [141/300]	 Top 1-err 35.780  Top 5-err 16.680	 Test Loss 1.597
Current best accuracy (top-1 and 5 error): 33.86 14.080000001525878
* Epoch: [142/300]	 Top 1-err 35.220  Top 5-err 15.811	 Train Loss 2.103
* Epoch: [142/300]	 Top 1-err 36.200  Top 5-err 15.920	 Test Loss 1.592
Current best accuracy (top-1 and 5 error): 33.86 14.080000001525878
* Epoch: [143/300]	 Top 1-err 34.467  Top 5-err 15.154	 Train Loss 2.129
* Epoch: [143/300]	 Top 1-err 35.960  Top 5-err 16.400	 Test Loss 1.601
Current best accuracy (top-1 and 5 error): 33.86 14.080000001525878
* Epoch: [144/300]	 Top 1-err 34.448  Top 5-err 15.087	 Train Loss 2.141
* Epoch: [144/300]	 Top 1-err 36.280  Top 5-err 16.840	 Test Loss 1.610
Current best accuracy (top-1 and 5 error): 33.86 14.080000001525878
* Epoch: [145/300]	 Top 1-err 34.546  Top 5-err 15.307	 Train Loss 2.105
* Epoch: [145/300]	 Top 1-err 36.120  Top 5-err 16.500	 Test Loss 1.596
Current best accuracy (top-1 and 5 error): 33.86 14.080000001525878
* Epoch: [146/300]	 Top 1-err 33.629  Top 5-err 14.685	 Train Loss 2.082
* Epoch: [146/300]	 Top 1-err 36.580  Top 5-err 16.300	 Test Loss 1.610
Current best accuracy (top-1 and 5 error): 33.86 14.080000001525878
* Epoch: [147/300]	 Top 1-err 35.455  Top 5-err 15.967	 Train Loss 2.115
* Epoch: [147/300]	 Top 1-err 36.460  Top 5-err 16.140	 Test Loss 1.606
Current best accuracy (top-1 and 5 error): 33.86 14.080000001525878
* Epoch: [148/300]	 Top 1-err 34.342  Top 5-err 15.337	 Train Loss 2.076
* Epoch: [148/300]	 Top 1-err 36.060  Top 5-err 16.480	 Test Loss 1.621
Current best accuracy (top-1 and 5 error): 33.86 14.080000001525878
* Epoch: [149/300]	 Top 1-err 33.895  Top 5-err 14.838	 Train Loss 2.088
* Epoch: [149/300]	 Top 1-err 36.580  Top 5-err 16.640	 Test Loss 1.620
Current best accuracy (top-1 and 5 error): 33.86 14.080000001525878
* Epoch: [150/300]	 Top 1-err 31.513  Top 5-err 13.604	 Train Loss 1.999
* Epoch: [150/300]	 Top 1-err 34.520  Top 5-err 15.660	 Test Loss 1.553
Current best accuracy (top-1 and 5 error): 33.86 14.080000001525878
* Epoch: [151/300]	 Top 1-err 30.071  Top 5-err 12.422	 Train Loss 1.976
* Epoch: [151/300]	 Top 1-err 34.540  Top 5-err 15.680	 Test Loss 1.544
Current best accuracy (top-1 and 5 error): 33.86 14.080000001525878
* Epoch: [152/300]	 Top 1-err 29.633  Top 5-err 12.150	 Train Loss 1.947
* Epoch: [152/300]	 Top 1-err 34.160  Top 5-err 15.520	 Test Loss 1.546
Current best accuracy (top-1 and 5 error): 33.86 14.080000001525878
* Epoch: [153/300]	 Top 1-err 29.366  Top 5-err 12.177	 Train Loss 1.934
* Epoch: [153/300]	 Top 1-err 34.400  Top 5-err 15.440	 Test Loss 1.547
Current best accuracy (top-1 and 5 error): 33.86 14.080000001525878
* Epoch: [154/300]	 Top 1-err 29.608  Top 5-err 12.306	 Train Loss 1.937
* Epoch: [154/300]	 Top 1-err 34.340  Top 5-err 15.560	 Test Loss 1.551
Current best accuracy (top-1 and 5 error): 33.86 14.080000001525878
* Epoch: [155/300]	 Top 1-err 28.586  Top 5-err 11.877	 Train Loss 1.903
* Epoch: [155/300]	 Top 1-err 34.400  Top 5-err 15.460	 Test Loss 1.544
Current best accuracy (top-1 and 5 error): 33.86 14.080000001525878
* Epoch: [156/300]	 Top 1-err 28.927  Top 5-err 12.253	 Train Loss 1.886
* Epoch: [156/300]	 Top 1-err 34.260  Top 5-err 15.620	 Test Loss 1.553
Current best accuracy (top-1 and 5 error): 33.86 14.080000001525878
* Epoch: [157/300]	 Top 1-err 28.947  Top 5-err 12.002	 Train Loss 1.929
* Epoch: [157/300]	 Top 1-err 34.220  Top 5-err 15.880	 Test Loss 1.557
Current best accuracy (top-1 and 5 error): 33.86 14.080000001525878
* Epoch: [158/300]	 Top 1-err 31.585  Top 5-err 13.770	 Train Loss 1.961
* Epoch: [158/300]	 Top 1-err 34.180  Top 5-err 15.760	 Test Loss 1.543
Current best accuracy (top-1 and 5 error): 33.86 14.080000001525878
* Epoch: [159/300]	 Top 1-err 30.244  Top 5-err 13.107	 Train Loss 1.929
* Epoch: [159/300]	 Top 1-err 34.120  Top 5-err 15.780	 Test Loss 1.568
Current best accuracy (top-1 and 5 error): 33.86 14.080000001525878
* Epoch: [160/300]	 Top 1-err 27.950  Top 5-err 11.407	 Train Loss 1.881
* Epoch: [160/300]	 Top 1-err 34.240  Top 5-err 15.440	 Test Loss 1.529
Current best accuracy (top-1 and 5 error): 33.86 14.080000001525878
* Epoch: [161/300]	 Top 1-err 27.728  Top 5-err 11.271	 Train Loss 1.881
* Epoch: [161/300]	 Top 1-err 34.300  Top 5-err 15.680	 Test Loss 1.551
Current best accuracy (top-1 and 5 error): 33.86 14.080000001525878
* Epoch: [162/300]	 Top 1-err 29.388  Top 5-err 12.384	 Train Loss 1.913
* Epoch: [162/300]	 Top 1-err 34.140  Top 5-err 15.740	 Test Loss 1.548
Current best accuracy (top-1 and 5 error): 33.86 14.080000001525878
* Epoch: [163/300]	 Top 1-err 29.342  Top 5-err 12.435	 Train Loss 1.889
* Epoch: [163/300]	 Top 1-err 34.020  Top 5-err 15.340	 Test Loss 1.532
Current best accuracy (top-1 and 5 error): 33.86 14.080000001525878
* Epoch: [164/300]	 Top 1-err 27.077  Top 5-err 11.032	 Train Loss 1.842
* Epoch: [164/300]	 Top 1-err 33.980  Top 5-err 15.540	 Test Loss 1.542
Current best accuracy (top-1 and 5 error): 33.86 14.080000001525878
* Epoch: [165/300]	 Top 1-err 28.659  Top 5-err 11.714	 Train Loss 1.891
* Epoch: [165/300]	 Top 1-err 34.080  Top 5-err 15.340	 Test Loss 1.541
Current best accuracy (top-1 and 5 error): 33.86 14.080000001525878
* Epoch: [166/300]	 Top 1-err 28.447  Top 5-err 11.942	 Train Loss 1.890
* Epoch: [166/300]	 Top 1-err 34.160  Top 5-err 15.440	 Test Loss 1.548
Current best accuracy (top-1 and 5 error): 33.86 14.080000001525878
* Epoch: [167/300]	 Top 1-err 27.656  Top 5-err 11.215	 Train Loss 1.864
* Epoch: [167/300]	 Top 1-err 34.140  Top 5-err 15.480	 Test Loss 1.563
Current best accuracy (top-1 and 5 error): 33.86 14.080000001525878
* Epoch: [168/300]	 Top 1-err 29.995  Top 5-err 12.200	 Train Loss 1.943
* Epoch: [168/300]	 Top 1-err 34.420  Top 5-err 15.580	 Test Loss 1.552
Current best accuracy (top-1 and 5 error): 33.86 14.080000001525878
* Epoch: [169/300]	 Top 1-err 27.615  Top 5-err 11.489	 Train Loss 1.846
* Epoch: [169/300]	 Top 1-err 34.500  Top 5-err 15.740	 Test Loss 1.549
Current best accuracy (top-1 and 5 error): 33.86 14.080000001525878
* Epoch: [170/300]	 Top 1-err 30.289  Top 5-err 12.836	 Train Loss 1.894
* Epoch: [170/300]	 Top 1-err 34.120  Top 5-err 15.380	 Test Loss 1.564
Current best accuracy (top-1 and 5 error): 33.86 14.080000001525878
* Epoch: [171/300]	 Top 1-err 28.497  Top 5-err 11.799	 Train Loss 1.885
* Epoch: [171/300]	 Top 1-err 34.040  Top 5-err 15.760	 Test Loss 1.566
Current best accuracy (top-1 and 5 error): 33.86 14.080000001525878
* Epoch: [172/300]	 Top 1-err 31.021  Top 5-err 12.713	 Train Loss 1.955
* Epoch: [172/300]	 Top 1-err 34.240  Top 5-err 15.540	 Test Loss 1.538
Current best accuracy (top-1 and 5 error): 33.86 14.080000001525878
* Epoch: [173/300]	 Top 1-err 27.305  Top 5-err 10.825	 Train Loss 1.865
* Epoch: [173/300]	 Top 1-err 34.040  Top 5-err 15.360	 Test Loss 1.562
Current best accuracy (top-1 and 5 error): 33.86 14.080000001525878
* Epoch: [174/300]	 Top 1-err 28.512  Top 5-err 11.631	 Train Loss 1.853
* Epoch: [174/300]	 Top 1-err 34.380  Top 5-err 15.560	 Test Loss 1.564
Current best accuracy (top-1 and 5 error): 33.86 14.080000001525878
* Epoch: [175/300]	 Top 1-err 28.587  Top 5-err 11.569	 Train Loss 1.876
* Epoch: [175/300]	 Top 1-err 34.440  Top 5-err 15.720	 Test Loss 1.574
Current best accuracy (top-1 and 5 error): 33.86 14.080000001525878
* Epoch: [176/300]	 Top 1-err 27.707  Top 5-err 11.175	 Train Loss 1.850
* Epoch: [176/300]	 Top 1-err 34.320  Top 5-err 15.700	 Test Loss 1.576
Current best accuracy (top-1 and 5 error): 33.86 14.080000001525878
* Epoch: [177/300]	 Top 1-err 27.347  Top 5-err 10.911	 Train Loss 1.872
* Epoch: [177/300]	 Top 1-err 34.240  Top 5-err 15.420	 Test Loss 1.566
Current best accuracy (top-1 and 5 error): 33.86 14.080000001525878
* Epoch: [178/300]	 Top 1-err 27.237  Top 5-err 10.974	 Train Loss 1.878
* Epoch: [178/300]	 Top 1-err 34.360  Top 5-err 15.600	 Test Loss 1.566
Current best accuracy (top-1 and 5 error): 33.86 14.080000001525878
* Epoch: [179/300]	 Top 1-err 27.148  Top 5-err 11.081	 Train Loss 1.820
* Epoch: [179/300]	 Top 1-err 34.200  Top 5-err 15.400	 Test Loss 1.577
Current best accuracy (top-1 and 5 error): 33.86 14.080000001525878
* Epoch: [180/300]	 Top 1-err 28.180  Top 5-err 11.404	 Train Loss 1.871
* Epoch: [180/300]	 Top 1-err 34.480  Top 5-err 15.500	 Test Loss 1.570
Current best accuracy (top-1 and 5 error): 33.86 14.080000001525878
* Epoch: [181/300]	 Top 1-err 29.371  Top 5-err 12.043	 Train Loss 1.909
* Epoch: [181/300]	 Top 1-err 34.460  Top 5-err 15.740	 Test Loss 1.582
Current best accuracy (top-1 and 5 error): 33.86 14.080000001525878
* Epoch: [182/300]	 Top 1-err 28.092  Top 5-err 11.629	 Train Loss 1.859
* Epoch: [182/300]	 Top 1-err 33.980  Top 5-err 15.380	 Test Loss 1.565
Current best accuracy (top-1 and 5 error): 33.86 14.080000001525878
* Epoch: [183/300]	 Top 1-err 28.488  Top 5-err 11.698	 Train Loss 1.881
* Epoch: [183/300]	 Top 1-err 34.540  Top 5-err 15.500	 Test Loss 1.578
Current best accuracy (top-1 and 5 error): 33.86 14.080000001525878
* Epoch: [184/300]	 Top 1-err 26.176  Top 5-err 10.676	 Train Loss 1.814
* Epoch: [184/300]	 Top 1-err 34.380  Top 5-err 15.400	 Test Loss 1.571
Current best accuracy (top-1 and 5 error): 33.86 14.080000001525878
* Epoch: [185/300]	 Top 1-err 28.610  Top 5-err 11.830	 Train Loss 1.877
* Epoch: [185/300]	 Top 1-err 34.200  Top 5-err 15.640	 Test Loss 1.575
Current best accuracy (top-1 and 5 error): 33.86 14.080000001525878
* Epoch: [186/300]	 Top 1-err 28.076  Top 5-err 11.195	 Train Loss 1.878
* Epoch: [186/300]	 Top 1-err 34.460  Top 5-err 15.720	 Test Loss 1.562
Current best accuracy (top-1 and 5 error): 33.86 14.080000001525878
* Epoch: [187/300]	 Top 1-err 27.788  Top 5-err 10.911	 Train Loss 1.872
* Epoch: [187/300]	 Top 1-err 34.400  Top 5-err 15.660	 Test Loss 1.569
Current best accuracy (top-1 and 5 error): 33.86 14.080000001525878
* Epoch: [188/300]	 Top 1-err 28.914  Top 5-err 11.732	 Train Loss 1.891
* Epoch: [188/300]	 Top 1-err 34.260  Top 5-err 15.560	 Test Loss 1.571
Current best accuracy (top-1 and 5 error): 33.86 14.080000001525878
* Epoch: [189/300]	 Top 1-err 26.841  Top 5-err 10.904	 Train Loss 1.838
* Epoch: [189/300]	 Top 1-err 34.280  Top 5-err 15.640	 Test Loss 1.581
Current best accuracy (top-1 and 5 error): 33.86 14.080000001525878
* Epoch: [190/300]	 Top 1-err 27.194  Top 5-err 10.633	 Train Loss 1.888
* Epoch: [190/300]	 Top 1-err 34.360  Top 5-err 15.600	 Test Loss 1.588
Current best accuracy (top-1 and 5 error): 33.86 14.080000001525878
* Epoch: [191/300]	 Top 1-err 27.944  Top 5-err 11.235	 Train Loss 1.866
* Epoch: [191/300]	 Top 1-err 34.440  Top 5-err 15.700	 Test Loss 1.576
Current best accuracy (top-1 and 5 error): 33.86 14.080000001525878
* Epoch: [192/300]	 Top 1-err 28.170  Top 5-err 11.237	 Train Loss 1.861
* Epoch: [192/300]	 Top 1-err 34.560  Top 5-err 15.640	 Test Loss 1.592
Current best accuracy (top-1 and 5 error): 33.86 14.080000001525878
* Epoch: [193/300]	 Top 1-err 25.930  Top 5-err 10.028	 Train Loss 1.803
* Epoch: [193/300]	 Top 1-err 34.720  Top 5-err 15.560	 Test Loss 1.575
Current best accuracy (top-1 and 5 error): 33.86 14.080000001525878
* Epoch: [194/300]	 Top 1-err 28.124  Top 5-err 11.261	 Train Loss 1.864
* Epoch: [194/300]	 Top 1-err 34.420  Top 5-err 15.700	 Test Loss 1.587
Current best accuracy (top-1 and 5 error): 33.86 14.080000001525878
* Epoch: [195/300]	 Top 1-err 26.848  Top 5-err 10.724	 Train Loss 1.831
* Epoch: [195/300]	 Top 1-err 34.320  Top 5-err 15.560	 Test Loss 1.583
Current best accuracy (top-1 and 5 error): 33.86 14.080000001525878
* Epoch: [196/300]	 Top 1-err 28.915  Top 5-err 11.931	 Train Loss 1.876
* Epoch: [196/300]	 Top 1-err 34.460  Top 5-err 15.900	 Test Loss 1.587
Current best accuracy (top-1 and 5 error): 33.86 14.080000001525878
* Epoch: [197/300]	 Top 1-err 27.262  Top 5-err 11.448	 Train Loss 1.793
* Epoch: [197/300]	 Top 1-err 34.400  Top 5-err 15.940	 Test Loss 1.582
Current best accuracy (top-1 and 5 error): 33.86 14.080000001525878
* Epoch: [198/300]	 Top 1-err 28.824  Top 5-err 11.752	 Train Loss 1.880
* Epoch: [198/300]	 Top 1-err 34.200  Top 5-err 16.220	 Test Loss 1.604
Current best accuracy (top-1 and 5 error): 33.86 14.080000001525878
* Epoch: [199/300]	 Top 1-err 26.882  Top 5-err 10.866	 Train Loss 1.819
* Epoch: [199/300]	 Top 1-err 34.300  Top 5-err 15.940	 Test Loss 1.586
Current best accuracy (top-1 and 5 error): 33.86 14.080000001525878
* Epoch: [200/300]	 Top 1-err 27.041  Top 5-err 10.536	 Train Loss 1.838
* Epoch: [200/300]	 Top 1-err 34.280  Top 5-err 15.700	 Test Loss 1.580
Current best accuracy (top-1 and 5 error): 33.86 14.080000001525878
* Epoch: [201/300]	 Top 1-err 27.781  Top 5-err 10.920	 Train Loss 1.862
* Epoch: [201/300]	 Top 1-err 34.460  Top 5-err 15.640	 Test Loss 1.585
Current best accuracy (top-1 and 5 error): 33.86 14.080000001525878
* Epoch: [202/300]	 Top 1-err 27.017  Top 5-err 10.723	 Train Loss 1.843
* Epoch: [202/300]	 Top 1-err 34.500  Top 5-err 16.000	 Test Loss 1.600
Current best accuracy (top-1 and 5 error): 33.86 14.080000001525878
* Epoch: [203/300]	 Top 1-err 26.753  Top 5-err 10.750	 Train Loss 1.827
* Epoch: [203/300]	 Top 1-err 34.600  Top 5-err 15.880	 Test Loss 1.594
Current best accuracy (top-1 and 5 error): 33.86 14.080000001525878
* Epoch: [204/300]	 Top 1-err 28.349  Top 5-err 11.559	 Train Loss 1.845
* Epoch: [204/300]	 Top 1-err 34.700  Top 5-err 15.620	 Test Loss 1.596
Current best accuracy (top-1 and 5 error): 33.86 14.080000001525878
* Epoch: [205/300]	 Top 1-err 26.657  Top 5-err 10.466	 Train Loss 1.827
* Epoch: [205/300]	 Top 1-err 34.480  Top 5-err 15.960	 Test Loss 1.575
Current best accuracy (top-1 and 5 error): 33.86 14.080000001525878
* Epoch: [206/300]	 Top 1-err 27.693  Top 5-err 11.276	 Train Loss 1.855
* Epoch: [206/300]	 Top 1-err 34.360  Top 5-err 15.880	 Test Loss 1.582
Current best accuracy (top-1 and 5 error): 33.86 14.080000001525878
* Epoch: [207/300]	 Top 1-err 26.817  Top 5-err 10.649	 Train Loss 1.797
* Epoch: [207/300]	 Top 1-err 34.160  Top 5-err 15.800	 Test Loss 1.581
Current best accuracy (top-1 and 5 error): 33.86 14.080000001525878
* Epoch: [208/300]	 Top 1-err 26.459  Top 5-err 10.546	 Train Loss 1.804
* Epoch: [208/300]	 Top 1-err 34.360  Top 5-err 16.060	 Test Loss 1.593
Current best accuracy (top-1 and 5 error): 33.86 14.080000001525878
* Epoch: [209/300]	 Top 1-err 26.674  Top 5-err 10.605	 Train Loss 1.813
* Epoch: [209/300]	 Top 1-err 34.500  Top 5-err 15.800	 Test Loss 1.603
Current best accuracy (top-1 and 5 error): 33.86 14.080000001525878
* Epoch: [210/300]	 Top 1-err 24.940  Top 5-err 9.774	 Train Loss 1.794
* Epoch: [210/300]	 Top 1-err 34.680  Top 5-err 16.120	 Test Loss 1.566
Current best accuracy (top-1 and 5 error): 33.86 14.080000001525878
* Epoch: [211/300]	 Top 1-err 29.012  Top 5-err 11.618	 Train Loss 1.882
* Epoch: [211/300]	 Top 1-err 34.440  Top 5-err 16.000	 Test Loss 1.597
Current best accuracy (top-1 and 5 error): 33.86 14.080000001525878
* Epoch: [212/300]	 Top 1-err 28.602  Top 5-err 11.547	 Train Loss 1.865
* Epoch: [212/300]	 Top 1-err 34.700  Top 5-err 16.000	 Test Loss 1.579
Current best accuracy (top-1 and 5 error): 33.86 14.080000001525878
* Epoch: [213/300]	 Top 1-err 27.595  Top 5-err 10.835	 Train Loss 1.832
* Epoch: [213/300]	 Top 1-err 34.220  Top 5-err 16.060	 Test Loss 1.596
Current best accuracy (top-1 and 5 error): 33.86 14.080000001525878
* Epoch: [214/300]	 Top 1-err 27.390  Top 5-err 11.164	 Train Loss 1.819
* Epoch: [214/300]	 Top 1-err 34.460  Top 5-err 16.160	 Test Loss 1.586
Current best accuracy (top-1 and 5 error): 33.86 14.080000001525878
* Epoch: [215/300]	 Top 1-err 26.383  Top 5-err 10.587	 Train Loss 1.809
* Epoch: [215/300]	 Top 1-err 34.680  Top 5-err 16.060	 Test Loss 1.601
Current best accuracy (top-1 and 5 error): 33.86 14.080000001525878
* Epoch: [216/300]	 Top 1-err 26.379  Top 5-err 11.051	 Train Loss 1.787
* Epoch: [216/300]	 Top 1-err 34.920  Top 5-err 15.880	 Test Loss 1.601
Current best accuracy (top-1 and 5 error): 33.86 14.080000001525878
* Epoch: [217/300]	 Top 1-err 27.404  Top 5-err 10.780	 Train Loss 1.852
* Epoch: [217/300]	 Top 1-err 34.360  Top 5-err 15.800	 Test Loss 1.580
Current best accuracy (top-1 and 5 error): 33.86 14.080000001525878
* Epoch: [218/300]	 Top 1-err 26.130  Top 5-err 10.250	 Train Loss 1.788
* Epoch: [218/300]	 Top 1-err 34.520  Top 5-err 15.700	 Test Loss 1.600
Current best accuracy (top-1 and 5 error): 33.86 14.080000001525878
* Epoch: [219/300]	 Top 1-err 27.454  Top 5-err 11.159	 Train Loss 1.807
* Epoch: [219/300]	 Top 1-err 34.640  Top 5-err 15.940	 Test Loss 1.585
Current best accuracy (top-1 and 5 error): 33.86 14.080000001525878
* Epoch: [220/300]	 Top 1-err 27.701  Top 5-err 10.773	 Train Loss 1.809
* Epoch: [220/300]	 Top 1-err 34.260  Top 5-err 15.900	 Test Loss 1.589
Current best accuracy (top-1 and 5 error): 33.86 14.080000001525878
* Epoch: [221/300]	 Top 1-err 27.271  Top 5-err 10.975	 Train Loss 1.805
* Epoch: [221/300]	 Top 1-err 34.400  Top 5-err 15.840	 Test Loss 1.574
Current best accuracy (top-1 and 5 error): 33.86 14.080000001525878
* Epoch: [222/300]	 Top 1-err 26.663  Top 5-err 10.627	 Train Loss 1.791
* Epoch: [222/300]	 Top 1-err 34.480  Top 5-err 15.940	 Test Loss 1.610
Current best accuracy (top-1 and 5 error): 33.86 14.080000001525878
* Epoch: [223/300]	 Top 1-err 27.608  Top 5-err 10.897	 Train Loss 1.848
* Epoch: [223/300]	 Top 1-err 34.700  Top 5-err 16.020	 Test Loss 1.609
Current best accuracy (top-1 and 5 error): 33.86 14.080000001525878
* Epoch: [224/300]	 Top 1-err 27.758  Top 5-err 11.138	 Train Loss 1.839
* Epoch: [224/300]	 Top 1-err 34.260  Top 5-err 16.200	 Test Loss 1.597
Current best accuracy (top-1 and 5 error): 33.86 14.080000001525878
* Epoch: [225/300]	 Top 1-err 26.261  Top 5-err 10.611	 Train Loss 1.752
* Epoch: [225/300]	 Top 1-err 34.420  Top 5-err 16.140	 Test Loss 1.596
Current best accuracy (top-1 and 5 error): 33.86 14.080000001525878
* Epoch: [226/300]	 Top 1-err 26.924  Top 5-err 10.872	 Train Loss 1.800
* Epoch: [226/300]	 Top 1-err 34.260  Top 5-err 15.940	 Test Loss 1.583
Current best accuracy (top-1 and 5 error): 33.86 14.080000001525878
* Epoch: [227/300]	 Top 1-err 25.536  Top 5-err 9.976	 Train Loss 1.759
* Epoch: [227/300]	 Top 1-err 34.320  Top 5-err 16.000	 Test Loss 1.593
Current best accuracy (top-1 and 5 error): 33.86 14.080000001525878
* Epoch: [228/300]	 Top 1-err 27.772  Top 5-err 10.692	 Train Loss 1.829
* Epoch: [228/300]	 Top 1-err 34.320  Top 5-err 15.980	 Test Loss 1.582
Current best accuracy (top-1 and 5 error): 33.86 14.080000001525878
* Epoch: [229/300]	 Top 1-err 26.813  Top 5-err 10.289	 Train Loss 1.799
* Epoch: [229/300]	 Top 1-err 34.540  Top 5-err 15.900	 Test Loss 1.580
Current best accuracy (top-1 and 5 error): 33.86 14.080000001525878
* Epoch: [230/300]	 Top 1-err 26.486  Top 5-err 10.545	 Train Loss 1.786
* Epoch: [230/300]	 Top 1-err 34.500  Top 5-err 16.060	 Test Loss 1.578
Current best accuracy (top-1 and 5 error): 33.86 14.080000001525878
* Epoch: [231/300]	 Top 1-err 25.664  Top 5-err 9.909	 Train Loss 1.789
* Epoch: [231/300]	 Top 1-err 34.200  Top 5-err 16.060	 Test Loss 1.579
Current best accuracy (top-1 and 5 error): 33.86 14.080000001525878
* Epoch: [232/300]	 Top 1-err 26.171  Top 5-err 10.074	 Train Loss 1.796
* Epoch: [232/300]	 Top 1-err 34.500  Top 5-err 15.900	 Test Loss 1.583
Current best accuracy (top-1 and 5 error): 33.86 14.080000001525878
* Epoch: [233/300]	 Top 1-err 28.170  Top 5-err 11.316	 Train Loss 1.836
* Epoch: [233/300]	 Top 1-err 34.660  Top 5-err 16.040	 Test Loss 1.589
Current best accuracy (top-1 and 5 error): 33.86 14.080000001525878
* Epoch: [234/300]	 Top 1-err 26.349  Top 5-err 10.252	 Train Loss 1.799
* Epoch: [234/300]	 Top 1-err 34.480  Top 5-err 15.980	 Test Loss 1.617
Current best accuracy (top-1 and 5 error): 33.86 14.080000001525878
* Epoch: [235/300]	 Top 1-err 25.927  Top 5-err 10.095	 Train Loss 1.771
* Epoch: [235/300]	 Top 1-err 34.660  Top 5-err 15.920	 Test Loss 1.598
Current best accuracy (top-1 and 5 error): 33.86 14.080000001525878
* Epoch: [236/300]	 Top 1-err 26.648  Top 5-err 10.249	 Train Loss 1.802
* Epoch: [236/300]	 Top 1-err 34.580  Top 5-err 15.880	 Test Loss 1.582
Current best accuracy (top-1 and 5 error): 33.86 14.080000001525878
* Epoch: [237/300]	 Top 1-err 27.438  Top 5-err 10.598	 Train Loss 1.810
* Epoch: [237/300]	 Top 1-err 34.280  Top 5-err 15.860	 Test Loss 1.580
Current best accuracy (top-1 and 5 error): 33.86 14.080000001525878
* Epoch: [238/300]	 Top 1-err 27.215  Top 5-err 10.633	 Train Loss 1.821
* Epoch: [238/300]	 Top 1-err 34.440  Top 5-err 15.860	 Test Loss 1.582
Current best accuracy (top-1 and 5 error): 33.86 14.080000001525878
* Epoch: [239/300]	 Top 1-err 26.250  Top 5-err 10.743	 Train Loss 1.769
* Epoch: [239/300]	 Top 1-err 34.600  Top 5-err 16.080	 Test Loss 1.601
Current best accuracy (top-1 and 5 error): 33.86 14.080000001525878
* Epoch: [240/300]	 Top 1-err 27.110  Top 5-err 10.785	 Train Loss 1.772
* Epoch: [240/300]	 Top 1-err 34.180  Top 5-err 15.840	 Test Loss 1.573
Current best accuracy (top-1 and 5 error): 33.86 14.080000001525878
* Epoch: [241/300]	 Top 1-err 25.668  Top 5-err 10.052	 Train Loss 1.733
* Epoch: [241/300]	 Top 1-err 34.280  Top 5-err 15.860	 Test Loss 1.591
Current best accuracy (top-1 and 5 error): 33.86 14.080000001525878
* Epoch: [242/300]	 Top 1-err 26.198  Top 5-err 10.155	 Train Loss 1.790
* Epoch: [242/300]	 Top 1-err 34.480  Top 5-err 15.880	 Test Loss 1.585
Current best accuracy (top-1 and 5 error): 33.86 14.080000001525878
* Epoch: [243/300]	 Top 1-err 25.488  Top 5-err 9.860	 Train Loss 1.799
* Epoch: [243/300]	 Top 1-err 34.600  Top 5-err 15.760	 Test Loss 1.583
Current best accuracy (top-1 and 5 error): 33.86 14.080000001525878
* Epoch: [244/300]	 Top 1-err 26.418  Top 5-err 10.182	 Train Loss 1.782
* Epoch: [244/300]	 Top 1-err 34.860  Top 5-err 15.800	 Test Loss 1.598
Current best accuracy (top-1 and 5 error): 33.86 14.080000001525878
* Epoch: [245/300]	 Top 1-err 27.234  Top 5-err 10.947	 Train Loss 1.817
* Epoch: [245/300]	 Top 1-err 34.640  Top 5-err 15.840	 Test Loss 1.606
Current best accuracy (top-1 and 5 error): 33.86 14.080000001525878
* Epoch: [246/300]	 Top 1-err 27.789  Top 5-err 10.744	 Train Loss 1.824
* Epoch: [246/300]	 Top 1-err 34.620  Top 5-err 15.980	 Test Loss 1.593
Current best accuracy (top-1 and 5 error): 33.86 14.080000001525878
* Epoch: [247/300]	 Top 1-err 26.743  Top 5-err 10.553	 Train Loss 1.774
* Epoch: [247/300]	 Top 1-err 34.620  Top 5-err 15.680	 Test Loss 1.581
Current best accuracy (top-1 and 5 error): 33.86 14.080000001525878
* Epoch: [248/300]	 Top 1-err 27.655  Top 5-err 11.188	 Train Loss 1.811
* Epoch: [248/300]	 Top 1-err 34.520  Top 5-err 15.800	 Test Loss 1.599
Current best accuracy (top-1 and 5 error): 33.86 14.080000001525878
* Epoch: [249/300]	 Top 1-err 25.520  Top 5-err 9.755	 Train Loss 1.784
* Epoch: [249/300]	 Top 1-err 34.740  Top 5-err 15.860	 Test Loss 1.598
Current best accuracy (top-1 and 5 error): 33.86 14.080000001525878
* Epoch: [250/300]	 Top 1-err 27.630  Top 5-err 10.960	 Train Loss 1.794
* Epoch: [250/300]	 Top 1-err 34.660  Top 5-err 16.000	 Test Loss 1.582
Current best accuracy (top-1 and 5 error): 33.86 14.080000001525878
* Epoch: [251/300]	 Top 1-err 27.095  Top 5-err 10.673	 Train Loss 1.800
* Epoch: [251/300]	 Top 1-err 34.680  Top 5-err 15.860	 Test Loss 1.620
Current best accuracy (top-1 and 5 error): 33.86 14.080000001525878
* Epoch: [252/300]	 Top 1-err 25.282  Top 5-err 10.091	 Train Loss 1.766
* Epoch: [252/300]	 Top 1-err 34.540  Top 5-err 15.900	 Test Loss 1.592
Current best accuracy (top-1 and 5 error): 33.86 14.080000001525878
* Epoch: [253/300]	 Top 1-err 27.649  Top 5-err 11.232	 Train Loss 1.824
* Epoch: [253/300]	 Top 1-err 34.660  Top 5-err 15.920	 Test Loss 1.600
Current best accuracy (top-1 and 5 error): 33.86 14.080000001525878
* Epoch: [254/300]	 Top 1-err 26.674  Top 5-err 10.145	 Train Loss 1.835
* Epoch: [254/300]	 Top 1-err 34.440  Top 5-err 15.780	 Test Loss 1.602
Current best accuracy (top-1 and 5 error): 33.86 14.080000001525878
* Epoch: [255/300]	 Top 1-err 25.108  Top 5-err 9.558	 Train Loss 1.740
* Epoch: [255/300]	 Top 1-err 34.660  Top 5-err 15.900	 Test Loss 1.601
Current best accuracy (top-1 and 5 error): 33.86 14.080000001525878
* Epoch: [256/300]	 Top 1-err 24.493  Top 5-err 9.413	 Train Loss 1.746
* Epoch: [256/300]	 Top 1-err 34.300  Top 5-err 15.660	 Test Loss 1.565
Current best accuracy (top-1 and 5 error): 33.86 14.080000001525878
* Epoch: [257/300]	 Top 1-err 26.097  Top 5-err 10.193	 Train Loss 1.772
* Epoch: [257/300]	 Top 1-err 34.380  Top 5-err 15.880	 Test Loss 1.588
Current best accuracy (top-1 and 5 error): 33.86 14.080000001525878
* Epoch: [258/300]	 Top 1-err 27.496  Top 5-err 10.627	 Train Loss 1.836
* Epoch: [258/300]	 Top 1-err 34.660  Top 5-err 15.700	 Test Loss 1.605
Current best accuracy (top-1 and 5 error): 33.86 14.080000001525878
* Epoch: [259/300]	 Top 1-err 25.489  Top 5-err 9.954	 Train Loss 1.770
* Epoch: [259/300]	 Top 1-err 34.760  Top 5-err 15.780	 Test Loss 1.590
Current best accuracy (top-1 and 5 error): 33.86 14.080000001525878
* Epoch: [260/300]	 Top 1-err 25.682  Top 5-err 9.932	 Train Loss 1.784
* Epoch: [260/300]	 Top 1-err 34.600  Top 5-err 16.040	 Test Loss 1.609
Current best accuracy (top-1 and 5 error): 33.86 14.080000001525878
* Epoch: [261/300]	 Top 1-err 25.943  Top 5-err 10.328	 Train Loss 1.768
* Epoch: [261/300]	 Top 1-err 34.680  Top 5-err 15.700	 Test Loss 1.598
Current best accuracy (top-1 and 5 error): 33.86 14.080000001525878
* Epoch: [262/300]	 Top 1-err 25.754  Top 5-err 9.853	 Train Loss 1.766
* Epoch: [262/300]	 Top 1-err 34.600  Top 5-err 15.800	 Test Loss 1.603
Current best accuracy (top-1 and 5 error): 33.86 14.080000001525878
* Epoch: [263/300]	 Top 1-err 28.061  Top 5-err 11.297	 Train Loss 1.816
* Epoch: [263/300]	 Top 1-err 34.500  Top 5-err 15.740	 Test Loss 1.587
Current best accuracy (top-1 and 5 error): 33.86 14.080000001525878
* Epoch: [264/300]	 Top 1-err 26.594  Top 5-err 10.741	 Train Loss 1.802
* Epoch: [264/300]	 Top 1-err 34.740  Top 5-err 15.840	 Test Loss 1.592
Current best accuracy (top-1 and 5 error): 33.86 14.080000001525878
* Epoch: [265/300]	 Top 1-err 26.408  Top 5-err 10.353	 Train Loss 1.792
* Epoch: [265/300]	 Top 1-err 34.720  Top 5-err 15.660	 Test Loss 1.591
Current best accuracy (top-1 and 5 error): 33.86 14.080000001525878
* Epoch: [266/300]	 Top 1-err 26.801  Top 5-err 10.574	 Train Loss 1.811
* Epoch: [266/300]	 Top 1-err 34.740  Top 5-err 15.860	 Test Loss 1.607
Current best accuracy (top-1 and 5 error): 33.86 14.080000001525878
* Epoch: [267/300]	 Top 1-err 27.852  Top 5-err 10.944	 Train Loss 1.831
* Epoch: [267/300]	 Top 1-err 34.740  Top 5-err 15.940	 Test Loss 1.614
Current best accuracy (top-1 and 5 error): 33.86 14.080000001525878
* Epoch: [268/300]	 Top 1-err 25.191  Top 5-err 9.913	 Train Loss 1.739
* Epoch: [268/300]	 Top 1-err 34.580  Top 5-err 15.740	 Test Loss 1.593
Current best accuracy (top-1 and 5 error): 33.86 14.080000001525878
* Epoch: [269/300]	 Top 1-err 26.165  Top 5-err 9.894	 Train Loss 1.806
* Epoch: [269/300]	 Top 1-err 35.100  Top 5-err 15.980	 Test Loss 1.607
Current best accuracy (top-1 and 5 error): 33.86 14.080000001525878
* Epoch: [270/300]	 Top 1-err 26.815  Top 5-err 10.473	 Train Loss 1.781
* Epoch: [270/300]	 Top 1-err 34.720  Top 5-err 15.800	 Test Loss 1.582
Current best accuracy (top-1 and 5 error): 33.86 14.080000001525878
* Epoch: [271/300]	 Top 1-err 26.745  Top 5-err 10.325	 Train Loss 1.798
* Epoch: [271/300]	 Top 1-err 34.760  Top 5-err 15.800	 Test Loss 1.594
Current best accuracy (top-1 and 5 error): 33.86 14.080000001525878
* Epoch: [272/300]	 Top 1-err 28.119  Top 5-err 10.960	 Train Loss 1.820
* Epoch: [272/300]	 Top 1-err 34.640  Top 5-err 15.760	 Test Loss 1.594
Current best accuracy (top-1 and 5 error): 33.86 14.080000001525878
* Epoch: [273/300]	 Top 1-err 27.109  Top 5-err 11.058	 Train Loss 1.804
* Epoch: [273/300]	 Top 1-err 34.480  Top 5-err 15.700	 Test Loss 1.589
Current best accuracy (top-1 and 5 error): 33.86 14.080000001525878
* Epoch: [274/300]	 Top 1-err 25.756  Top 5-err 9.957	 Train Loss 1.730
* Epoch: [274/300]	 Top 1-err 34.840  Top 5-err 15.660	 Test Loss 1.582
Current best accuracy (top-1 and 5 error): 33.86 14.080000001525878
* Epoch: [275/300]	 Top 1-err 27.096  Top 5-err 10.814	 Train Loss 1.777
* Epoch: [275/300]	 Top 1-err 34.560  Top 5-err 15.900	 Test Loss 1.604
Current best accuracy (top-1 and 5 error): 33.86 14.080000001525878
* Epoch: [276/300]	 Top 1-err 26.177  Top 5-err 10.368	 Train Loss 1.755
* Epoch: [276/300]	 Top 1-err 34.520  Top 5-err 15.740	 Test Loss 1.596
Current best accuracy (top-1 and 5 error): 33.86 14.080000001525878
* Epoch: [277/300]	 Top 1-err 26.638  Top 5-err 10.304	 Train Loss 1.767
* Epoch: [277/300]	 Top 1-err 34.620  Top 5-err 15.800	 Test Loss 1.572
Current best accuracy (top-1 and 5 error): 33.86 14.080000001525878
* Epoch: [278/300]	 Top 1-err 24.921  Top 5-err 9.521	 Train Loss 1.750
* Epoch: [278/300]	 Top 1-err 34.520  Top 5-err 15.800	 Test Loss 1.584
Current best accuracy (top-1 and 5 error): 33.86 14.080000001525878
* Epoch: [279/300]	 Top 1-err 25.811  Top 5-err 10.195	 Train Loss 1.768
* Epoch: [279/300]	 Top 1-err 34.460  Top 5-err 15.920	 Test Loss 1.579
Current best accuracy (top-1 and 5 error): 33.86 14.080000001525878
* Epoch: [280/300]	 Top 1-err 26.469  Top 5-err 10.040	 Train Loss 1.822
* Epoch: [280/300]	 Top 1-err 34.720  Top 5-err 15.800	 Test Loss 1.594
Current best accuracy (top-1 and 5 error): 33.86 14.080000001525878
* Epoch: [281/300]	 Top 1-err 25.561  Top 5-err 10.000	 Train Loss 1.736
* Epoch: [281/300]	 Top 1-err 34.620  Top 5-err 15.960	 Test Loss 1.591
Current best accuracy (top-1 and 5 error): 33.86 14.080000001525878
* Epoch: [282/300]	 Top 1-err 26.729  Top 5-err 10.601	 Train Loss 1.804
* Epoch: [282/300]	 Top 1-err 34.660  Top 5-err 16.020	 Test Loss 1.601
Current best accuracy (top-1 and 5 error): 33.86 14.080000001525878
* Epoch: [283/300]	 Top 1-err 26.585  Top 5-err 10.609	 Train Loss 1.772
* Epoch: [283/300]	 Top 1-err 34.720  Top 5-err 16.000	 Test Loss 1.617
Current best accuracy (top-1 and 5 error): 33.86 14.080000001525878
* Epoch: [284/300]	 Top 1-err 26.640  Top 5-err 10.596	 Train Loss 1.773
* Epoch: [284/300]	 Top 1-err 34.420  Top 5-err 15.960	 Test Loss 1.593
Current best accuracy (top-1 and 5 error): 33.86 14.080000001525878
* Epoch: [285/300]	 Top 1-err 25.133  Top 5-err 9.591	 Train Loss 1.765
* Epoch: [285/300]	 Top 1-err 34.680  Top 5-err 15.880	 Test Loss 1.585
Current best accuracy (top-1 and 5 error): 33.86 14.080000001525878
* Epoch: [286/300]	 Top 1-err 26.824  Top 5-err 10.933	 Train Loss 1.802
* Epoch: [286/300]	 Top 1-err 34.560  Top 5-err 15.980	 Test Loss 1.597
Current best accuracy (top-1 and 5 error): 33.86 14.080000001525878
* Epoch: [287/300]	 Top 1-err 25.680  Top 5-err 9.731	 Train Loss 1.771
* Epoch: [287/300]	 Top 1-err 34.540  Top 5-err 16.080	 Test Loss 1.581
Current best accuracy (top-1 and 5 error): 33.86 14.080000001525878
* Epoch: [288/300]	 Top 1-err 27.042  Top 5-err 10.607	 Train Loss 1.831
* Epoch: [288/300]	 Top 1-err 34.420  Top 5-err 15.780	 Test Loss 1.588
Current best accuracy (top-1 and 5 error): 33.86 14.080000001525878
* Epoch: [289/300]	 Top 1-err 27.402  Top 5-err 10.670	 Train Loss 1.834
* Epoch: [289/300]	 Top 1-err 34.760  Top 5-err 15.860	 Test Loss 1.600
Current best accuracy (top-1 and 5 error): 33.86 14.080000001525878
* Epoch: [290/300]	 Top 1-err 26.226  Top 5-err 10.194	 Train Loss 1.759
* Epoch: [290/300]	 Top 1-err 34.580  Top 5-err 15.900	 Test Loss 1.568
Current best accuracy (top-1 and 5 error): 33.86 14.080000001525878
* Epoch: [291/300]	 Top 1-err 25.876  Top 5-err 10.149	 Train Loss 1.774
* Epoch: [291/300]	 Top 1-err 34.780  Top 5-err 16.220	 Test Loss 1.601
Current best accuracy (top-1 and 5 error): 33.86 14.080000001525878
* Epoch: [292/300]	 Top 1-err 26.363  Top 5-err 10.551	 Train Loss 1.794
* Epoch: [292/300]	 Top 1-err 34.620  Top 5-err 15.920	 Test Loss 1.589
Current best accuracy (top-1 and 5 error): 33.86 14.080000001525878
* Epoch: [293/300]	 Top 1-err 25.910  Top 5-err 10.173	 Train Loss 1.780
* Epoch: [293/300]	 Top 1-err 34.840  Top 5-err 15.800	 Test Loss 1.596
Current best accuracy (top-1 and 5 error): 33.86 14.080000001525878
* Epoch: [294/300]	 Top 1-err 26.380  Top 5-err 10.194	 Train Loss 1.805
* Epoch: [294/300]	 Top 1-err 34.520  Top 5-err 15.840	 Test Loss 1.600
Current best accuracy (top-1 and 5 error): 33.86 14.080000001525878
* Epoch: [295/300]	 Top 1-err 27.932  Top 5-err 10.973	 Train Loss 1.838
* Epoch: [295/300]	 Top 1-err 34.720  Top 5-err 15.760	 Test Loss 1.585
Current best accuracy (top-1 and 5 error): 33.86 14.080000001525878
* Epoch: [296/300]	 Top 1-err 25.335  Top 5-err 9.806	 Train Loss 1.785
* Epoch: [296/300]	 Top 1-err 34.360  Top 5-err 15.840	 Test Loss 1.594
Current best accuracy (top-1 and 5 error): 33.86 14.080000001525878
* Epoch: [297/300]	 Top 1-err 25.939  Top 5-err 10.160	 Train Loss 1.785
* Epoch: [297/300]	 Top 1-err 34.660  Top 5-err 15.800	 Test Loss 1.601
Current best accuracy (top-1 and 5 error): 33.86 14.080000001525878
* Epoch: [298/300]	 Top 1-err 25.010  Top 5-err 9.518	 Train Loss 1.741
* Epoch: [298/300]	 Top 1-err 34.760  Top 5-err 15.860	 Test Loss 1.595
Current best accuracy (top-1 and 5 error): 33.86 14.080000001525878
* Epoch: [299/300]	 Top 1-err 27.508  Top 5-err 11.064	 Train Loss 1.799
* Epoch: [299/300]	 Top 1-err 34.740  Top 5-err 15.860	 Test Loss 1.605
Current best accuracy (top-1 and 5 error): 33.86 14.080000001525878
Best accuracy (top-1 and 5 error): 33.86 14.080000001525878
